<?xml version="1.0" encoding="UTF-8"?>
<robot generator="Robot 6.1.1 (Python 3.12.0 on win32)" generated="20240214 14:22:11.430" rpa="false" schemaversion="4">
<suite id="s1" name="Tests" source="C:\Users\chuag\tsao-tests\db\tests.robot">
<test id="s1-t1" name="Verify SQL Statement Ending With Semicolon Works" line="12">
<kw name="Connect to DB" type="SETUP">
<kw name="Connect To Database" library="DatabaseLibrary">
<arg>pymysql</arg>
<arg>${DB_NAME}</arg>
<arg>${DB_USER}</arg>
<arg>${DB_PASSWORD}</arg>
<arg>127.0.0.1</arg>
<arg>${DBPort}</arg>
<doc>Loads the DB API 2.0 module given ``dbapiModuleName`` then uses it to
connect to the database using provided parameters such as ``dbName``, ``dbUsername``, and ``dbPassword``.</doc>
<msg timestamp="20240214 14:22:11.683" level="INFO">Connecting using : pymysql.connect(db=tsao, user=root, passwd=***, host=127.0.0.1, port=3306, charset=None)</msg>
<status status="PASS" starttime="20240214 14:22:11.667" endtime="20240214 14:22:11.683"/>
</kw>
<status status="PASS" starttime="20240214 14:22:11.667" endtime="20240214 14:22:11.683"/>
</kw>
<kw name="Query" library="DatabaseLibrary">
<arg>SELECT * FROM tsao_accounts;</arg>
<doc>Runs a query with the ``selectStatement`` and returns the result as a list of rows.
The type of row values depends on the database module -
usually they are tuples or tuple-like objects.</doc>
<msg timestamp="20240214 14:22:11.683" level="INFO">Executing : Query  |  SELECT * FROM tsao_accounts; </msg>
<status status="PASS" starttime="20240214 14:22:11.683" endtime="20240214 14:22:11.683"/>
</kw>
<kw name="Disconnect From Database" library="DatabaseLibrary" type="TEARDOWN">
<doc>Disconnects from the database.</doc>
<msg timestamp="20240214 14:22:11.683" level="INFO">Executing : Disconnect From Database</msg>
<status status="PASS" starttime="20240214 14:22:11.683" endtime="20240214 14:22:11.683"/>
</kw>
<doc>Verify that query with semicolon works.</doc>
<tag>Verify/Check</tag>
<status status="PASS" starttime="20240214 14:22:11.667" endtime="20240214 14:22:11.683"/>
</test>
<test id="s1-t2" name="Verify SQL Statement Ending Without Semicolon Works" line="19">
<kw name="Connect to DB" type="SETUP">
<kw name="Connect To Database" library="DatabaseLibrary">
<arg>pymysql</arg>
<arg>${DB_NAME}</arg>
<arg>${DB_USER}</arg>
<arg>${DB_PASSWORD}</arg>
<arg>127.0.0.1</arg>
<arg>${DBPort}</arg>
<doc>Loads the DB API 2.0 module given ``dbapiModuleName`` then uses it to
connect to the database using provided parameters such as ``dbName``, ``dbUsername``, and ``dbPassword``.</doc>
<msg timestamp="20240214 14:22:11.700" level="INFO">Connecting using : pymysql.connect(db=tsao, user=root, passwd=***, host=127.0.0.1, port=3306, charset=None)</msg>
<status status="PASS" starttime="20240214 14:22:11.683" endtime="20240214 14:22:11.702"/>
</kw>
<status status="PASS" starttime="20240214 14:22:11.683" endtime="20240214 14:22:11.702"/>
</kw>
<kw name="Query" library="DatabaseLibrary">
<arg>SELECT * FROM tsao_accounts</arg>
<doc>Runs a query with the ``selectStatement`` and returns the result as a list of rows.
The type of row values depends on the database module -
usually they are tuples or tuple-like objects.</doc>
<msg timestamp="20240214 14:22:11.703" level="INFO">Executing : Query  |  SELECT * FROM tsao_accounts </msg>
<status status="PASS" starttime="20240214 14:22:11.703" endtime="20240214 14:22:11.704"/>
</kw>
<kw name="Disconnect From Database" library="DatabaseLibrary" type="TEARDOWN">
<doc>Disconnects from the database.</doc>
<msg timestamp="20240214 14:22:11.705" level="INFO">Executing : Disconnect From Database</msg>
<status status="PASS" starttime="20240214 14:22:11.705" endtime="20240214 14:22:11.705"/>
</kw>
<doc>Verify that query without semicolon works.</doc>
<tag>Verify/Check</tag>
<status status="PASS" starttime="20240214 14:22:11.683" endtime="20240214 14:22:11.705"/>
</test>
<test id="s1-t3" name="Check If tsao_accounts Table Exists" line="26">
<kw name="Connect to DB" type="SETUP">
<kw name="Connect To Database" library="DatabaseLibrary">
<arg>pymysql</arg>
<arg>${DB_NAME}</arg>
<arg>${DB_USER}</arg>
<arg>${DB_PASSWORD}</arg>
<arg>127.0.0.1</arg>
<arg>${DBPort}</arg>
<doc>Loads the DB API 2.0 module given ``dbapiModuleName`` then uses it to
connect to the database using provided parameters such as ``dbName``, ``dbUsername``, and ``dbPassword``.</doc>
<msg timestamp="20240214 14:22:11.710" level="INFO">Connecting using : pymysql.connect(db=tsao, user=root, passwd=***, host=127.0.0.1, port=3306, charset=None)</msg>
<status status="PASS" starttime="20240214 14:22:11.708" endtime="20240214 14:22:11.712"/>
</kw>
<status status="PASS" starttime="20240214 14:22:11.708" endtime="20240214 14:22:11.712"/>
</kw>
<kw name="Table Must Exist" library="DatabaseLibrary">
<arg>tsao_accounts</arg>
<doc>Check if the given table exists in the database.</doc>
<msg timestamp="20240214 14:22:11.712" level="INFO">Executing : Table Must Exist  |  tsao_accounts</msg>
<msg timestamp="20240214 14:22:11.712" level="INFO">Executing : Row Count  |  SELECT * FROM information_schema.tables WHERE table_name='tsao_accounts'</msg>
<status status="PASS" starttime="20240214 14:22:11.712" endtime="20240214 14:22:11.712"/>
</kw>
<kw name="Disconnect From Database" library="DatabaseLibrary" type="TEARDOWN">
<doc>Disconnects from the database.</doc>
<msg timestamp="20240214 14:22:11.712" level="INFO">Executing : Disconnect From Database</msg>
<status status="PASS" starttime="20240214 14:22:11.712" endtime="20240214 14:22:11.712"/>
</kw>
<doc>Verify that tsao_accounts table exist.</doc>
<tag>Verify/Check</tag>
<status status="PASS" starttime="20240214 14:22:11.707" endtime="20240214 14:22:11.712"/>
</test>
<test id="s1-t4" name="Insert Data into tsao_accounts Table" line="33">
<kw name="Connect to DB" type="SETUP">
<kw name="Connect To Database" library="DatabaseLibrary">
<arg>pymysql</arg>
<arg>${DB_NAME}</arg>
<arg>${DB_USER}</arg>
<arg>${DB_PASSWORD}</arg>
<arg>127.0.0.1</arg>
<arg>${DBPort}</arg>
<doc>Loads the DB API 2.0 module given ``dbapiModuleName`` then uses it to
connect to the database using provided parameters such as ``dbName``, ``dbUsername``, and ``dbPassword``.</doc>
<msg timestamp="20240214 14:22:11.712" level="INFO">Connecting using : pymysql.connect(db=tsao, user=root, passwd=***, host=127.0.0.1, port=3306, charset=None)</msg>
<status status="PASS" starttime="20240214 14:22:11.712" endtime="20240214 14:22:11.725"/>
</kw>
<status status="PASS" starttime="20240214 14:22:11.712" endtime="20240214 14:22:11.725"/>
</kw>
<kw name="Execute Sql String" library="DatabaseLibrary">
<var>${output}</var>
<arg>INSERT INTO tsao_accounts (ID, Name, Username, Password, Role, CreationDate, IsApproved, IsDeleted) VALUES (6, 'Steve Jobs', 'sj1955', 'f223faa96f22916294922b171a2696d868fd1f9129302eb41a45b2a2ea2ebbfd', 'User', '2024-01-22 12:34:56', true, false);</arg>
<doc>Executes the ``sqlString`` as a single SQL command.</doc>
<msg timestamp="20240214 14:22:11.725" level="INFO">Executing : Execute SQL String  |  INSERT INTO tsao_accounts (ID, Name, Username, Password, Role, CreationDate, IsApproved, IsDeleted) VALUES (6, 'Steve Jobs', 'sj1955', 'f223faa96f22916294922b171a2696d868fd1f9129302eb41a45b2a2ea2ebbfd', 'User', '2024-01-22 12:34:56', true, false);</msg>
<msg timestamp="20240214 14:22:11.725" level="INFO">${output} = None</msg>
<status status="PASS" starttime="20240214 14:22:11.725" endtime="20240214 14:22:11.725"/>
</kw>
<kw name="Log" library="BuiltIn">
<arg>${output}</arg>
<doc>Logs the given message with the given level.</doc>
<msg timestamp="20240214 14:22:11.725" level="INFO">None</msg>
<status status="PASS" starttime="20240214 14:22:11.725" endtime="20240214 14:22:11.725"/>
</kw>
<kw name="Should Be Equal As Strings" library="BuiltIn">
<arg>${output}</arg>
<arg>None</arg>
<doc>Fails if objects are unequal after converting them to strings.</doc>
<msg timestamp="20240214 14:22:11.725" level="INFO">Argument types are:
&lt;class 'NoneType'&gt;
&lt;class 'str'&gt;</msg>
<status status="PASS" starttime="20240214 14:22:11.725" endtime="20240214 14:22:11.725"/>
</kw>
<kw name="Disconnect From Database" library="DatabaseLibrary" type="TEARDOWN">
<doc>Disconnects from the database.</doc>
<msg timestamp="20240214 14:22:11.725" level="INFO">Executing : Disconnect From Database</msg>
<status status="PASS" starttime="20240214 14:22:11.725" endtime="20240214 14:22:11.725"/>
</kw>
<doc>Test to INSERT data into tsao_accounts table.</doc>
<tag>Insert</tag>
<status status="PASS" starttime="20240214 14:22:11.712" endtime="20240214 14:22:11.725"/>
</test>
<test id="s1-t5" name="Update Data in tsao_accounts Table" line="42">
<kw name="Connect to DB" type="SETUP">
<kw name="Connect To Database" library="DatabaseLibrary">
<arg>pymysql</arg>
<arg>${DB_NAME}</arg>
<arg>${DB_USER}</arg>
<arg>${DB_PASSWORD}</arg>
<arg>127.0.0.1</arg>
<arg>${DBPort}</arg>
<doc>Loads the DB API 2.0 module given ``dbapiModuleName`` then uses it to
connect to the database using provided parameters such as ``dbName``, ``dbUsername``, and ``dbPassword``.</doc>
<msg timestamp="20240214 14:22:11.725" level="INFO">Connecting using : pymysql.connect(db=tsao, user=root, passwd=***, host=127.0.0.1, port=3306, charset=None)</msg>
<status status="PASS" starttime="20240214 14:22:11.725" endtime="20240214 14:22:11.742"/>
</kw>
<status status="PASS" starttime="20240214 14:22:11.725" endtime="20240214 14:22:11.742"/>
</kw>
<kw name="Execute Sql String" library="DatabaseLibrary">
<var>${output}</var>
<arg>UPDATE tsao_accounts SET Username = 'sj55', Role= 'Administrator' WHERE ID = 6;</arg>
<doc>Executes the ``sqlString`` as a single SQL command.</doc>
<msg timestamp="20240214 14:22:11.743" level="INFO">Executing : Execute SQL String  |  UPDATE tsao_accounts SET Username = 'sj55', Role= 'Administrator' WHERE ID = 6;</msg>
<msg timestamp="20240214 14:22:11.745" level="INFO">${output} = None</msg>
<status status="PASS" starttime="20240214 14:22:11.743" endtime="20240214 14:22:11.745"/>
</kw>
<kw name="Log" library="BuiltIn">
<arg>${output}</arg>
<doc>Logs the given message with the given level.</doc>
<msg timestamp="20240214 14:22:11.745" level="INFO">None</msg>
<status status="PASS" starttime="20240214 14:22:11.745" endtime="20240214 14:22:11.745"/>
</kw>
<kw name="Should Be Equal As Strings" library="BuiltIn">
<arg>${output}</arg>
<arg>None</arg>
<doc>Fails if objects are unequal after converting them to strings.</doc>
<msg timestamp="20240214 14:22:11.745" level="INFO">Argument types are:
&lt;class 'NoneType'&gt;
&lt;class 'str'&gt;</msg>
<status status="PASS" starttime="20240214 14:22:11.745" endtime="20240214 14:22:11.745"/>
</kw>
<kw name="Disconnect From Database" library="DatabaseLibrary" type="TEARDOWN">
<doc>Disconnects from the database.</doc>
<msg timestamp="20240214 14:22:11.745" level="INFO">Executing : Disconnect From Database</msg>
<status status="PASS" starttime="20240214 14:22:11.745" endtime="20240214 14:22:11.745"/>
</kw>
<doc>Test to UPDATE data into tsao_accounts table.</doc>
<tag>Update</tag>
<status status="PASS" starttime="20240214 14:22:11.725" endtime="20240214 14:22:11.745"/>
</test>
<test id="s1-t6" name="Delete Data in tsao_accounts Table" line="51">
<kw name="Connect to DB" type="SETUP">
<kw name="Connect To Database" library="DatabaseLibrary">
<arg>pymysql</arg>
<arg>${DB_NAME}</arg>
<arg>${DB_USER}</arg>
<arg>${DB_PASSWORD}</arg>
<arg>127.0.0.1</arg>
<arg>${DBPort}</arg>
<doc>Loads the DB API 2.0 module given ``dbapiModuleName`` then uses it to
connect to the database using provided parameters such as ``dbName``, ``dbUsername``, and ``dbPassword``.</doc>
<msg timestamp="20240214 14:22:11.745" level="INFO">Connecting using : pymysql.connect(db=tsao, user=root, passwd=***, host=127.0.0.1, port=3306, charset=None)</msg>
<status status="PASS" starttime="20240214 14:22:11.745" endtime="20240214 14:22:11.762"/>
</kw>
<status status="PASS" starttime="20240214 14:22:11.745" endtime="20240214 14:22:11.762"/>
</kw>
<kw name="Execute Sql String" library="DatabaseLibrary">
<var>${output}</var>
<arg>DELETE FROM tsao_accounts WHERE ID = 6;</arg>
<doc>Executes the ``sqlString`` as a single SQL command.</doc>
<msg timestamp="20240214 14:22:11.762" level="INFO">Executing : Execute SQL String  |  DELETE FROM tsao_accounts WHERE ID = 6;</msg>
<msg timestamp="20240214 14:22:11.762" level="INFO">${output} = None</msg>
<status status="PASS" starttime="20240214 14:22:11.762" endtime="20240214 14:22:11.762"/>
</kw>
<kw name="Log" library="BuiltIn">
<arg>${output}</arg>
<doc>Logs the given message with the given level.</doc>
<msg timestamp="20240214 14:22:11.762" level="INFO">None</msg>
<status status="PASS" starttime="20240214 14:22:11.762" endtime="20240214 14:22:11.762"/>
</kw>
<kw name="Should Be Equal As Strings" library="BuiltIn">
<arg>${output}</arg>
<arg>None</arg>
<doc>Fails if objects are unequal after converting them to strings.</doc>
<msg timestamp="20240214 14:22:11.762" level="INFO">Argument types are:
&lt;class 'NoneType'&gt;
&lt;class 'str'&gt;</msg>
<status status="PASS" starttime="20240214 14:22:11.762" endtime="20240214 14:22:11.762"/>
</kw>
<kw name="Disconnect From Database" library="DatabaseLibrary" type="TEARDOWN">
<doc>Disconnects from the database.</doc>
<msg timestamp="20240214 14:22:11.762" level="INFO">Executing : Disconnect From Database</msg>
<status status="PASS" starttime="20240214 14:22:11.762" endtime="20240214 14:22:11.762"/>
</kw>
<doc>Test to DELETE data into tsao_accounts table.</doc>
<tag>Delete</tag>
<status status="PASS" starttime="20240214 14:22:11.745" endtime="20240214 14:22:11.762"/>
</test>
<test id="s1-t7" name="Select tsao_records Table With Multiple Rows" line="60">
<kw name="Connect to DB" type="SETUP">
<kw name="Connect To Database" library="DatabaseLibrary">
<arg>pymysql</arg>
<arg>${DB_NAME}</arg>
<arg>${DB_USER}</arg>
<arg>${DB_PASSWORD}</arg>
<arg>127.0.0.1</arg>
<arg>${DBPort}</arg>
<doc>Loads the DB API 2.0 module given ``dbapiModuleName`` then uses it to
connect to the database using provided parameters such as ``dbName``, ``dbUsername``, and ``dbPassword``.</doc>
<msg timestamp="20240214 14:22:11.762" level="INFO">Connecting using : pymysql.connect(db=tsao, user=root, passwd=***, host=127.0.0.1, port=3306, charset=None)</msg>
<status status="PASS" starttime="20240214 14:22:11.762" endtime="20240214 14:22:11.777"/>
</kw>
<status status="PASS" starttime="20240214 14:22:11.762" endtime="20240214 14:22:11.777"/>
</kw>
<kw name="Query" library="DatabaseLibrary">
<var>${output}</var>
<arg>SELECT CompanyPOC from tsao_records</arg>
<doc>Runs a query with the ``selectStatement`` and returns the result as a list of rows.
The type of row values depends on the database module -
usually they are tuples or tuple-like objects.</doc>
<msg timestamp="20240214 14:22:11.778" level="INFO">Executing : Query  |  SELECT CompanyPOC from tsao_records </msg>
<msg timestamp="20240214 14:22:11.779" level="INFO">${output} = (('Er Poi Voon',), ('Ben Low',))</msg>
<status status="PASS" starttime="20240214 14:22:11.778" endtime="20240214 14:22:11.779"/>
</kw>
<kw name="Length Should Be" library="BuiltIn">
<arg>${output}</arg>
<arg>3</arg>
<doc>Verifies that the length of the given item is correct.</doc>
<msg timestamp="20240214 14:22:11.779" level="INFO">Length is 2</msg>
<msg timestamp="20240214 14:22:11.779" level="FAIL">Length of '(('Er Poi Voon',), ('Ben Low',))' should be 3 but is 2.</msg>
<status status="FAIL" starttime="20240214 14:22:11.779" endtime="20240214 14:22:11.779"/>
</kw>
<kw name="Should Be Equal" library="BuiltIn">
<arg>${output}[0][0][0]</arg>
<arg>E</arg>
<doc>Fails if the given objects are unequal.</doc>
<status status="NOT RUN" starttime="20240214 14:22:11.779" endtime="20240214 14:22:11.779"/>
</kw>
<kw name="Should Be Equal" library="BuiltIn">
<arg>${output}[1][0]</arg>
<arg>Ben Low</arg>
<doc>Fails if the given objects are unequal.</doc>
<status status="NOT RUN" starttime="20240214 14:22:11.779" endtime="20240214 14:22:11.779"/>
</kw>
<kw name="Should Be Equal" library="BuiltIn">
<arg>${output}[2][0]</arg>
<arg>John Law</arg>
<doc>Fails if the given objects are unequal.</doc>
<status status="NOT RUN" starttime="20240214 14:22:11.779" endtime="20240214 14:22:11.779"/>
</kw>
<kw name="Disconnect From Database" library="DatabaseLibrary" type="TEARDOWN">
<doc>Disconnects from the database.</doc>
<msg timestamp="20240214 14:22:11.779" level="INFO">Executing : Disconnect From Database</msg>
<status status="PASS" starttime="20240214 14:22:11.779" endtime="20240214 14:22:11.779"/>
</kw>
<doc>Test to SELECT multiple rows of data in tsao_records table.</doc>
<tag>Select</tag>
<status status="FAIL" starttime="20240214 14:22:11.762" endtime="20240214 14:22:11.779">Length of '(('Er Poi Voon',), ('Ben Low',))' should be 3 but is 2.</status>
</test>
<test id="s1-t8" name="Check If Data Exists In tsao_accounts Table" line="71">
<kw name="Connect to DB" type="SETUP">
<kw name="Connect To Database" library="DatabaseLibrary">
<arg>pymysql</arg>
<arg>${DB_NAME}</arg>
<arg>${DB_USER}</arg>
<arg>${DB_PASSWORD}</arg>
<arg>127.0.0.1</arg>
<arg>${DBPort}</arg>
<doc>Loads the DB API 2.0 module given ``dbapiModuleName`` then uses it to
connect to the database using provided parameters such as ``dbName``, ``dbUsername``, and ``dbPassword``.</doc>
<msg timestamp="20240214 14:22:11.779" level="INFO">Connecting using : pymysql.connect(db=tsao, user=root, passwd=***, host=127.0.0.1, port=3306, charset=None)</msg>
<status status="PASS" starttime="20240214 14:22:11.779" endtime="20240214 14:22:11.793"/>
</kw>
<status status="PASS" starttime="20240214 14:22:11.779" endtime="20240214 14:22:11.793"/>
</kw>
<kw name="Check If Exists In Database" library="DatabaseLibrary">
<arg>SELECT ID FROM tsao_accounts WHERE Name = 'Ben Low';</arg>
<doc>Check if any row would be returned by given the input ``selectStatement``. If there are no results, then this will
throw an AssertionError.</doc>
<msg timestamp="20240214 14:22:11.794" level="INFO">Executing : Check If Exists In Database  |  SELECT ID FROM tsao_accounts WHERE Name = 'Ben Low';</msg>
<msg timestamp="20240214 14:22:11.794" level="INFO">Executing : Query  |  SELECT ID FROM tsao_accounts WHERE Name = 'Ben Low'; </msg>
<status status="PASS" starttime="20240214 14:22:11.794" endtime="20240214 14:22:11.795"/>
</kw>
<kw name="Disconnect From Database" library="DatabaseLibrary" type="TEARDOWN">
<doc>Disconnects from the database.</doc>
<msg timestamp="20240214 14:22:11.795" level="INFO">Executing : Disconnect From Database</msg>
<status status="PASS" starttime="20240214 14:22:11.795" endtime="20240214 14:22:11.795"/>
</kw>
<doc>Verify that specific data exist in database.</doc>
<tag>Verify/Check</tag>
<status status="PASS" starttime="20240214 14:22:11.779" endtime="20240214 14:22:11.795"/>
</test>
<test id="s1-t9" name="Check If Data Do Not Exists In tsao_accounts Table" line="78">
<kw name="Connect to DB" type="SETUP">
<kw name="Connect To Database" library="DatabaseLibrary">
<arg>pymysql</arg>
<arg>${DB_NAME}</arg>
<arg>${DB_USER}</arg>
<arg>${DB_PASSWORD}</arg>
<arg>127.0.0.1</arg>
<arg>${DBPort}</arg>
<doc>Loads the DB API 2.0 module given ``dbapiModuleName`` then uses it to
connect to the database using provided parameters such as ``dbName``, ``dbUsername``, and ``dbPassword``.</doc>
<msg timestamp="20240214 14:22:11.795" level="INFO">Connecting using : pymysql.connect(db=tsao, user=root, passwd=***, host=127.0.0.1, port=3306, charset=None)</msg>
<status status="PASS" starttime="20240214 14:22:11.795" endtime="20240214 14:22:11.808"/>
</kw>
<status status="PASS" starttime="20240214 14:22:11.795" endtime="20240214 14:22:11.808"/>
</kw>
<kw name="Check If Not Exists In Database" library="DatabaseLibrary">
<arg>SELECT ID FROM tsao_records WHERE ContactRole = 'Lecturer';</arg>
<doc>This is the negation of `check_if_exists_in_database`.</doc>
<msg timestamp="20240214 14:22:11.809" level="INFO">Executing : Check If Not Exists In Database  |  SELECT ID FROM tsao_records WHERE ContactRole = 'Lecturer';</msg>
<msg timestamp="20240214 14:22:11.809" level="INFO">Executing : Query  |  SELECT ID FROM tsao_records WHERE ContactRole = 'Lecturer'; </msg>
<status status="PASS" starttime="20240214 14:22:11.809" endtime="20240214 14:22:11.810"/>
</kw>
<kw name="Disconnect From Database" library="DatabaseLibrary" type="TEARDOWN">
<doc>Disconnects from the database.</doc>
<msg timestamp="20240214 14:22:11.811" level="INFO">Executing : Disconnect From Database</msg>
<status status="PASS" starttime="20240214 14:22:11.811" endtime="20240214 14:22:11.811"/>
</kw>
<doc>Verify that specific data does not exist in database.</doc>
<tag>Verify/Check</tag>
<status status="PASS" starttime="20240214 14:22:11.795" endtime="20240214 14:22:11.811"/>
</test>
<test id="s1-t10" name="Check Contact Role Values of tsao_records Table" line="85">
<kw name="Connect to DB" type="SETUP">
<kw name="Connect To Database" library="DatabaseLibrary">
<arg>pymysql</arg>
<arg>${DB_NAME}</arg>
<arg>${DB_USER}</arg>
<arg>${DB_PASSWORD}</arg>
<arg>127.0.0.1</arg>
<arg>${DBPort}</arg>
<doc>Loads the DB API 2.0 module given ``dbapiModuleName`` then uses it to
connect to the database using provided parameters such as ``dbName``, ``dbUsername``, and ``dbPassword``.</doc>
<msg timestamp="20240214 14:22:11.813" level="INFO">Connecting using : pymysql.connect(db=tsao, user=root, passwd=***, host=127.0.0.1, port=3306, charset=None)</msg>
<status status="PASS" starttime="20240214 14:22:11.813" endtime="20240214 14:22:11.825"/>
</kw>
<status status="PASS" starttime="20240214 14:22:11.813" endtime="20240214 14:22:11.825"/>
</kw>
<kw name="Query" library="DatabaseLibrary">
<var>${invalid_contact_roles}</var>
<arg>SELECT ContactRole FROM tsao_records WHERE ContactRole NOT IN ('Staff', 'Student')</arg>
<doc>Runs a query with the ``selectStatement`` and returns the result as a list of rows.
The type of row values depends on the database module -
usually they are tuples or tuple-like objects.</doc>
<msg timestamp="20240214 14:22:11.826" level="INFO">Executing : Query  |  SELECT ContactRole FROM tsao_records WHERE ContactRole NOT IN ('Staff', 'Student') </msg>
<msg timestamp="20240214 14:22:11.827" level="INFO">${invalid_contact_roles} = ()</msg>
<status status="PASS" starttime="20240214 14:22:11.826" endtime="20240214 14:22:11.827"/>
</kw>
<kw name="Run Keyword If" library="BuiltIn">
<arg>${invalid_contact_roles}</arg>
<arg>Fail</arg>
<arg>Invalid 'ContactRole' values found in 'tsao_records': ${invalid_contact_roles}</arg>
<doc>Runs the given keyword with the given arguments, if ``condition`` is true.</doc>
<status status="PASS" starttime="20240214 14:22:11.828" endtime="20240214 14:22:11.828"/>
</kw>
<kw name="Disconnect From Database" library="DatabaseLibrary" type="TEARDOWN">
<doc>Disconnects from the database.</doc>
<msg timestamp="20240214 14:22:11.829" level="INFO">Executing : Disconnect From Database</msg>
<status status="PASS" starttime="20240214 14:22:11.829" endtime="20240214 14:22:11.829"/>
</kw>
<doc>Verify that 'ContactRole' values in 'tsao_records' are either 'Staff' or 'Student'.</doc>
<tag>Verify/Check</tag>
<status status="PASS" starttime="20240214 14:22:11.813" endtime="20240214 14:22:11.830"/>
</test>
<test id="s1-t11" name="Verify Row Count of tsao_records Table is Equal to X" line="93">
<kw name="Connect to DB" type="SETUP">
<kw name="Connect To Database" library="DatabaseLibrary">
<arg>pymysql</arg>
<arg>${DB_NAME}</arg>
<arg>${DB_USER}</arg>
<arg>${DB_PASSWORD}</arg>
<arg>127.0.0.1</arg>
<arg>${DBPort}</arg>
<doc>Loads the DB API 2.0 module given ``dbapiModuleName`` then uses it to
connect to the database using provided parameters such as ``dbName``, ``dbUsername``, and ``dbPassword``.</doc>
<msg timestamp="20240214 14:22:11.830" level="INFO">Connecting using : pymysql.connect(db=tsao, user=root, passwd=***, host=127.0.0.1, port=3306, charset=None)</msg>
<status status="PASS" starttime="20240214 14:22:11.830" endtime="20240214 14:22:11.845"/>
</kw>
<status status="PASS" starttime="20240214 14:22:11.830" endtime="20240214 14:22:11.845"/>
</kw>
<kw name="Row Count Is Equal To X" library="DatabaseLibrary">
<arg>SELECT ID FROM tsao_records</arg>
<arg>3</arg>
<doc>Check if the number of rows returned from ``selectStatement`` is equal to the value submitted. If not, then this
will throw an AssertionError.</doc>
<msg timestamp="20240214 14:22:11.845" level="INFO">Executing : Row Count Is Equal To X  |  SELECT ID FROM tsao_records  |  3</msg>
<msg timestamp="20240214 14:22:11.845" level="INFO">Executing : Row Count  |  SELECT ID FROM tsao_records</msg>
<msg timestamp="20240214 14:22:11.845" level="FAIL">Expected 3 rows, but 2 were returned from: 'SELECT ID FROM tsao_records'</msg>
<status status="FAIL" starttime="20240214 14:22:11.845" endtime="20240214 14:22:11.845"/>
</kw>
<kw name="Disconnect From Database" library="DatabaseLibrary" type="TEARDOWN">
<doc>Disconnects from the database.</doc>
<msg timestamp="20240214 14:22:11.845" level="INFO">Executing : Disconnect From Database</msg>
<status status="PASS" starttime="20240214 14:22:11.845" endtime="20240214 14:22:11.845"/>
</kw>
<doc>Verify the row count of tsao_records table is equal to X value.</doc>
<tag>Verify/Check</tag>
<status status="FAIL" starttime="20240214 14:22:11.830" endtime="20240214 14:22:11.845">Expected 3 rows, but 2 were returned from: 'SELECT ID FROM tsao_records'</status>
</test>
<test id="s1-t12" name="Verify Row Count of tsao_accounts Table is Less Than X" line="100">
<kw name="Connect to DB" type="SETUP">
<kw name="Connect To Database" library="DatabaseLibrary">
<arg>pymysql</arg>
<arg>${DB_NAME}</arg>
<arg>${DB_USER}</arg>
<arg>${DB_PASSWORD}</arg>
<arg>127.0.0.1</arg>
<arg>${DBPort}</arg>
<doc>Loads the DB API 2.0 module given ``dbapiModuleName`` then uses it to
connect to the database using provided parameters such as ``dbName``, ``dbUsername``, and ``dbPassword``.</doc>
<msg timestamp="20240214 14:22:11.845" level="INFO">Connecting using : pymysql.connect(db=tsao, user=root, passwd=***, host=127.0.0.1, port=3306, charset=None)</msg>
<status status="PASS" starttime="20240214 14:22:11.845" endtime="20240214 14:22:11.878"/>
</kw>
<status status="PASS" starttime="20240214 14:22:11.845" endtime="20240214 14:22:11.878"/>
</kw>
<kw name="Row Count Is Less Than X" library="DatabaseLibrary">
<arg>SELECT ID FROM tsao_accounts</arg>
<arg>7</arg>
<doc>Check if the number of rows returned from ``selectStatement`` is less than the value submitted. If not, then this
will throw an AssertionError.</doc>
<msg timestamp="20240214 14:22:11.878" level="INFO">Executing : Row Count Is Less Than X  |  SELECT ID FROM tsao_accounts  |  7</msg>
<msg timestamp="20240214 14:22:11.878" level="INFO">Executing : Row Count  |  SELECT ID FROM tsao_accounts</msg>
<status status="PASS" starttime="20240214 14:22:11.878" endtime="20240214 14:22:11.878"/>
</kw>
<kw name="Disconnect From Database" library="DatabaseLibrary" type="TEARDOWN">
<doc>Disconnects from the database.</doc>
<msg timestamp="20240214 14:22:11.880" level="INFO">Executing : Disconnect From Database</msg>
<status status="PASS" starttime="20240214 14:22:11.880" endtime="20240214 14:22:11.880"/>
</kw>
<doc>Verify the row count of tsao_accounts table is less than X value.</doc>
<tag>Verify/Check</tag>
<status status="PASS" starttime="20240214 14:22:11.845" endtime="20240214 14:22:11.880"/>
</test>
<test id="s1-t13" name="Retrieve records from tsao_records Table" line="107">
<kw name="Connect to DB" type="SETUP">
<kw name="Connect To Database" library="DatabaseLibrary">
<arg>pymysql</arg>
<arg>${DB_NAME}</arg>
<arg>${DB_USER}</arg>
<arg>${DB_PASSWORD}</arg>
<arg>127.0.0.1</arg>
<arg>${DBPort}</arg>
<doc>Loads the DB API 2.0 module given ``dbapiModuleName`` then uses it to
connect to the database using provided parameters such as ``dbName``, ``dbUsername``, and ``dbPassword``.</doc>
<msg timestamp="20240214 14:22:11.880" level="INFO">Connecting using : pymysql.connect(db=tsao, user=root, passwd=***, host=127.0.0.1, port=3306, charset=None)</msg>
<status status="PASS" starttime="20240214 14:22:11.880" endtime="20240214 14:22:11.893"/>
</kw>
<status status="PASS" starttime="20240214 14:22:11.880" endtime="20240214 14:22:11.893"/>
</kw>
<kw name="Execute Sql String" library="DatabaseLibrary">
<var>${output}</var>
<arg>SELECT * FROM tsao_records</arg>
<doc>Executes the ``sqlString`` as a single SQL command.</doc>
<msg timestamp="20240214 14:22:11.894" level="INFO">Executing : Execute SQL String  |  SELECT * FROM tsao_records</msg>
<msg timestamp="20240214 14:22:11.895" level="INFO">${output} = None</msg>
<status status="PASS" starttime="20240214 14:22:11.894" endtime="20240214 14:22:11.895"/>
</kw>
<kw name="Log To Console" library="BuiltIn">
<arg>${output}</arg>
<doc>Logs the given message to the console.</doc>
<status status="PASS" starttime="20240214 14:22:11.895" endtime="20240214 14:22:11.896"/>
</kw>
<kw name="Disconnect From Database" library="DatabaseLibrary" type="TEARDOWN">
<doc>Disconnects from the database.</doc>
<msg timestamp="20240214 14:22:11.896" level="INFO">Executing : Disconnect From Database</msg>
<status status="PASS" starttime="20240214 14:22:11.896" endtime="20240214 14:22:11.896"/>
</kw>
<doc>Test to Rretrieve the records from tsao_records table.</doc>
<tag>Retrieve</tag>
<status status="PASS" starttime="20240214 14:22:11.880" endtime="20240214 14:22:11.896"/>
</test>
<test id="s1-t14" name="Verify Query - Get results as a list of dictionaries from tsao_accounts Table" line="115">
<kw name="Connect to DB" type="SETUP">
<kw name="Connect To Database" library="DatabaseLibrary">
<arg>pymysql</arg>
<arg>${DB_NAME}</arg>
<arg>${DB_USER}</arg>
<arg>${DB_PASSWORD}</arg>
<arg>127.0.0.1</arg>
<arg>${DBPort}</arg>
<doc>Loads the DB API 2.0 module given ``dbapiModuleName`` then uses it to
connect to the database using provided parameters such as ``dbName``, ``dbUsername``, and ``dbPassword``.</doc>
<msg timestamp="20240214 14:22:11.896" level="INFO">Connecting using : pymysql.connect(db=tsao, user=root, passwd=***, host=127.0.0.1, port=3306, charset=None)</msg>
<status status="PASS" starttime="20240214 14:22:11.896" endtime="20240214 14:22:11.913"/>
</kw>
<status status="PASS" starttime="20240214 14:22:11.896" endtime="20240214 14:22:11.913"/>
</kw>
<kw name="Query" library="DatabaseLibrary">
<var>${output}</var>
<arg>SELECT * FROM tsao_accounts</arg>
<arg>returnAsDict=True</arg>
<doc>Runs a query with the ``selectStatement`` and returns the result as a list of rows.
The type of row values depends on the database module -
usually they are tuples or tuple-like objects.</doc>
<msg timestamp="20240214 14:22:11.913" level="INFO">Executing : Query  |  SELECT * FROM tsao_accounts </msg>
<msg timestamp="20240214 14:22:11.913" level="INFO">${output} = [{'ID': 1, 'Name': 'Ben Low', 'Username': 'lkh2', 'Password': '5e884898da28047151d0e56f8dc6292773603d0d6aabbdd62a11ef721d1542d8', 'Role': 'Administrator', 'CreationDate': datetime.datetime(2024, 1, 1,...</msg>
<status status="PASS" starttime="20240214 14:22:11.913" endtime="20240214 14:22:11.913"/>
</kw>
<kw name="Log" library="BuiltIn">
<arg>${output}</arg>
<doc>Logs the given message with the given level.</doc>
<msg timestamp="20240214 14:22:11.913" level="INFO">[{'ID': 1, 'Name': 'Ben Low', 'Username': 'lkh2', 'Password': '5e884898da28047151d0e56f8dc6292773603d0d6aabbdd62a11ef721d1542d8', 'Role': 'Administrator', 'CreationDate': datetime.datetime(2024, 1, 1, 12, 0), 'IsApproved': 1, 'IsDeleted': 0}, {'ID': 2, 'Name': 'Er Poi Voon', 'Username': 'epv', 'Password': 'a075d17f3d453073853f813838c15b8023b8c487038436354fe599c3942e1f95', 'Role': 'Administrator', 'CreationDate': datetime.datetime(2024, 1, 2, 14, 30), 'IsApproved': 1, 'IsDeleted': 0}, {'ID': 3, 'Name': 'Isabelle Pak', 'Username': 'isabellepak', 'Password': '4b358ed84b7940619235a22328c584c7bc4508d4524e75231d6f450521d16a17', 'Role': 'User', 'CreationDate': datetime.datetime(2024, 1, 3, 10, 45), 'IsApproved': 0, 'IsDeleted': 0}, {'ID': 4, 'Name': 'Low Wee San', 'Username': 'lws', 'Password': 'e367746b6b6b8519cae09fbca87e509d7dc9508ef0234de292666bd1c2404680', 'Role': 'Administrator', 'CreationDate': datetime.datetime(2024, 1, 3, 14, 30), 'IsApproved': 1, 'IsDeleted': 0}, {'ID': 5, 'Name': 'Deleted User', 'Username': 'dui', 'Password': '1185f37d33b0f89e331f101a51bb8e51165c7efda15950b86a3ebcbb363f898e', 'Role': 'User', 'CreationDate': datetime.datetime(2024, 1, 1, 10, 0), 'IsApproved': 1, 'IsDeleted': 1}, {'ID': 7, 'Name': 'John', 'Username': 'johndoe', 'Password': 'password123', 'Role': 'User', 'CreationDate': datetime.datetime(2024, 1, 22, 12, 34, 56), 'IsApproved': 1, 'IsDeleted': 0}]</msg>
<status status="PASS" starttime="20240214 14:22:11.913" endtime="20240214 14:22:11.913"/>
</kw>
<try>
<branch type="TRY">
<kw name="Get From Dictionary" library="Collections">
<var>${value 1}</var>
<arg>${output}[0]</arg>
<arg>Name</arg>
<doc>Returns a value from the given ``dictionary`` based on the given ``key``.</doc>
<msg timestamp="20240214 14:22:11.913" level="INFO">${value 1} = Ben Low</msg>
<status status="PASS" starttime="20240214 14:22:11.913" endtime="20240214 14:22:11.913"/>
</kw>
<status status="PASS" starttime="20240214 14:22:11.913" endtime="20240214 14:22:11.913"/>
</branch>
<branch type="EXCEPT">
<pattern>Dictionary does not contain key 'Name'.</pattern>
<kw name="Get From Dictionary" library="Collections">
<var>${value 1}</var>
<arg>${output}[0]</arg>
<arg>Name</arg>
<doc>Returns a value from the given ``dictionary`` based on the given ``key``.</doc>
<status status="NOT RUN" starttime="20240214 14:22:11.913" endtime="20240214 14:22:11.913"/>
</kw>
<status status="NOT RUN" starttime="20240214 14:22:11.913" endtime="20240214 14:22:11.913"/>
</branch>
<status status="PASS" starttime="20240214 14:22:11.913" endtime="20240214 14:22:11.913"/>
</try>
<try>
<branch type="TRY">
<kw name="Get From Dictionary" library="Collections">
<var>${value 2}</var>
<arg>${output}[1]</arg>
<arg>Name</arg>
<doc>Returns a value from the given ``dictionary`` based on the given ``key``.</doc>
<msg timestamp="20240214 14:22:11.913" level="INFO">${value 2} = Er Poi Voon</msg>
<status status="PASS" starttime="20240214 14:22:11.913" endtime="20240214 14:22:11.913"/>
</kw>
<status status="PASS" starttime="20240214 14:22:11.913" endtime="20240214 14:22:11.913"/>
</branch>
<branch type="EXCEPT">
<pattern>Dictionary does not contain key 'FIRST_NAME'.</pattern>
<kw name="Get From Dictionary" library="Collections">
<var>${value 2}</var>
<arg>${output}[1]</arg>
<arg>Name</arg>
<doc>Returns a value from the given ``dictionary`` based on the given ``key``.</doc>
<status status="NOT RUN" starttime="20240214 14:22:11.913" endtime="20240214 14:22:11.913"/>
</kw>
<status status="NOT RUN" starttime="20240214 14:22:11.913" endtime="20240214 14:22:11.913"/>
</branch>
<status status="PASS" starttime="20240214 14:22:11.913" endtime="20240214 14:22:11.913"/>
</try>
<kw name="Should Be Equal As Strings" library="BuiltIn">
<arg>${value 1}</arg>
<arg>Ben Low</arg>
<doc>Fails if objects are unequal after converting them to strings.</doc>
<status status="PASS" starttime="20240214 14:22:11.913" endtime="20240214 14:22:11.913"/>
</kw>
<kw name="Should Be Equal As Strings" library="BuiltIn">
<arg>${value 2}</arg>
<arg>Er Poi Voon</arg>
<doc>Fails if objects are unequal after converting them to strings.</doc>
<status status="PASS" starttime="20240214 14:22:11.913" endtime="20240214 14:22:11.913"/>
</kw>
<kw name="Disconnect From Database" library="DatabaseLibrary" type="TEARDOWN">
<doc>Disconnects from the database.</doc>
<msg timestamp="20240214 14:22:11.913" level="INFO">Executing : Disconnect From Database</msg>
<status status="PASS" starttime="20240214 14:22:11.913" endtime="20240214 14:22:11.913"/>
</kw>
<doc>Test to get result as a list of dictionaries from tsao_accounts table.</doc>
<tag>Verify/Check</tag>
<status status="PASS" starttime="20240214 14:22:11.896" endtime="20240214 14:22:11.913"/>
</test>
<test id="s1-t15" name="Verify Columns Existence in tsao_accounts Table" line="135">
<kw name="Connect to DB" type="SETUP">
<kw name="Connect To Database" library="DatabaseLibrary">
<arg>pymysql</arg>
<arg>${DB_NAME}</arg>
<arg>${DB_USER}</arg>
<arg>${DB_PASSWORD}</arg>
<arg>127.0.0.1</arg>
<arg>${DBPort}</arg>
<doc>Loads the DB API 2.0 module given ``dbapiModuleName`` then uses it to
connect to the database using provided parameters such as ``dbName``, ``dbUsername``, and ``dbPassword``.</doc>
<msg timestamp="20240214 14:22:11.923" level="INFO">Connecting using : pymysql.connect(db=tsao, user=root, passwd=***, host=127.0.0.1, port=3306, charset=None)</msg>
<status status="PASS" starttime="20240214 14:22:11.913" endtime="20240214 14:22:11.942"/>
</kw>
<status status="PASS" starttime="20240214 14:22:11.913" endtime="20240214 14:22:11.942"/>
</kw>
<kw name="Query" library="DatabaseLibrary">
<var>${columns}</var>
<arg>SHOW COLUMNS FROM tsao_accounts</arg>
<doc>Runs a query with the ``selectStatement`` and returns the result as a list of rows.
The type of row values depends on the database module -
usually they are tuples or tuple-like objects.</doc>
<msg timestamp="20240214 14:22:11.943" level="INFO">Executing : Query  |  SHOW COLUMNS FROM tsao_accounts </msg>
<msg timestamp="20240214 14:22:11.947" level="INFO">${columns} = (('ID', 'int', 'NO', 'PRI', None, 'auto_increment'), ('Name', 'varchar(100)', 'NO', '', None, ''), ('Username', 'varchar(100)', 'NO', 'UNI', None, ''), ('Password', 'char(64)', 'NO', '', None, ''), ('...</msg>
<status status="PASS" starttime="20240214 14:22:11.943" endtime="20240214 14:22:11.947"/>
</kw>
<kw name="Create List" library="BuiltIn">
<var>@{column_names}</var>
<doc>Returns a list containing given items.</doc>
<msg timestamp="20240214 14:22:11.948" level="INFO">@{column_names} = [ ]</msg>
<status status="PASS" starttime="20240214 14:22:11.948" endtime="20240214 14:22:11.948"/>
</kw>
<for flavor="IN">
<var>${column}</var>
<value>@{columns}</value>
<iter>
<var name="${column}">('ID', 'int', 'NO', 'PRI', None, 'auto_increment')</var>
<kw name="Append To List" library="Collections">
<arg>${column_names}</arg>
<arg>${column[0]}</arg>
<doc>Adds ``values`` to the end of ``list``.</doc>
<status status="PASS" starttime="20240214 14:22:11.948" endtime="20240214 14:22:11.948"/>
</kw>
<status status="PASS" starttime="20240214 14:22:11.948" endtime="20240214 14:22:11.948"/>
</iter>
<iter>
<var name="${column}">('Name', 'varchar(100)', 'NO', '', None, '')</var>
<kw name="Append To List" library="Collections">
<arg>${column_names}</arg>
<arg>${column[0]}</arg>
<doc>Adds ``values`` to the end of ``list``.</doc>
<status status="PASS" starttime="20240214 14:22:11.948" endtime="20240214 14:22:11.948"/>
</kw>
<status status="PASS" starttime="20240214 14:22:11.948" endtime="20240214 14:22:11.948"/>
</iter>
<iter>
<var name="${column}">('Username', 'varchar(100)', 'NO', 'UNI', None, '')</var>
<kw name="Append To List" library="Collections">
<arg>${column_names}</arg>
<arg>${column[0]}</arg>
<doc>Adds ``values`` to the end of ``list``.</doc>
<status status="PASS" starttime="20240214 14:22:11.948" endtime="20240214 14:22:11.948"/>
</kw>
<status status="PASS" starttime="20240214 14:22:11.948" endtime="20240214 14:22:11.948"/>
</iter>
<iter>
<var name="${column}">('Password', 'char(64)', 'NO', '', None, '')</var>
<kw name="Append To List" library="Collections">
<arg>${column_names}</arg>
<arg>${column[0]}</arg>
<doc>Adds ``values`` to the end of ``list``.</doc>
<status status="PASS" starttime="20240214 14:22:11.948" endtime="20240214 14:22:11.948"/>
</kw>
<status status="PASS" starttime="20240214 14:22:11.948" endtime="20240214 14:22:11.948"/>
</iter>
<iter>
<var name="${column}">('Role', "enum('Administrator','User')", 'NO', '', None, '')</var>
<kw name="Append To List" library="Collections">
<arg>${column_names}</arg>
<arg>${column[0]}</arg>
<doc>Adds ``values`` to the end of ``list``.</doc>
<status status="PASS" starttime="20240214 14:22:11.948" endtime="20240214 14:22:11.948"/>
</kw>
<status status="PASS" starttime="20240214 14:22:11.948" endtime="20240214 14:22:11.948"/>
</iter>
<iter>
<var name="${column}">('CreationDate', 'datetime', 'NO', '', None, '')</var>
<kw name="Append To List" library="Collections">
<arg>${column_names}</arg>
<arg>${column[0]}</arg>
<doc>Adds ``values`` to the end of ``list``.</doc>
<status status="PASS" starttime="20240214 14:22:11.948" endtime="20240214 14:22:11.948"/>
</kw>
<status status="PASS" starttime="20240214 14:22:11.948" endtime="20240214 14:22:11.948"/>
</iter>
<iter>
<var name="${column}">('IsApproved', 'tinyint(1)', 'NO', '', None, '')</var>
<kw name="Append To List" library="Collections">
<arg>${column_names}</arg>
<arg>${column[0]}</arg>
<doc>Adds ``values`` to the end of ``list``.</doc>
<status status="PASS" starttime="20240214 14:22:11.948" endtime="20240214 14:22:11.948"/>
</kw>
<status status="PASS" starttime="20240214 14:22:11.948" endtime="20240214 14:22:11.948"/>
</iter>
<iter>
<var name="${column}">('IsDeleted', 'tinyint(1)', 'NO', '', None, '')</var>
<kw name="Append To List" library="Collections">
<arg>${column_names}</arg>
<arg>${column[0]}</arg>
<doc>Adds ``values`` to the end of ``list``.</doc>
<status status="PASS" starttime="20240214 14:22:11.957" endtime="20240214 14:22:11.957"/>
</kw>
<status status="PASS" starttime="20240214 14:22:11.948" endtime="20240214 14:22:11.957"/>
</iter>
<status status="PASS" starttime="20240214 14:22:11.948" endtime="20240214 14:22:11.957"/>
</for>
<kw name="List Should Contain Value" library="Collections">
<arg>${column_names}</arg>
<arg>ID</arg>
<doc>Fails if the ``value`` is not found from ``list``.</doc>
<status status="PASS" starttime="20240214 14:22:11.958" endtime="20240214 14:22:11.958"/>
</kw>
<kw name="List Should Contain Value" library="Collections">
<arg>${column_names}</arg>
<arg>Name</arg>
<doc>Fails if the ``value`` is not found from ``list``.</doc>
<status status="PASS" starttime="20240214 14:22:11.958" endtime="20240214 14:22:11.959"/>
</kw>
<kw name="List Should Contain Value" library="Collections">
<arg>${column_names}</arg>
<arg>Username</arg>
<doc>Fails if the ``value`` is not found from ``list``.</doc>
<status status="PASS" starttime="20240214 14:22:11.959" endtime="20240214 14:22:11.959"/>
</kw>
<kw name="List Should Contain Value" library="Collections">
<arg>${column_names}</arg>
<arg>Password</arg>
<doc>Fails if the ``value`` is not found from ``list``.</doc>
<status status="PASS" starttime="20240214 14:22:11.960" endtime="20240214 14:22:11.960"/>
</kw>
<kw name="List Should Contain Value" library="Collections">
<arg>${column_names}</arg>
<arg>Role</arg>
<doc>Fails if the ``value`` is not found from ``list``.</doc>
<status status="PASS" starttime="20240214 14:22:11.961" endtime="20240214 14:22:11.961"/>
</kw>
<kw name="List Should Contain Value" library="Collections">
<arg>${column_names}</arg>
<arg>CreationDate</arg>
<doc>Fails if the ``value`` is not found from ``list``.</doc>
<status status="PASS" starttime="20240214 14:22:11.961" endtime="20240214 14:22:11.962"/>
</kw>
<kw name="List Should Contain Value" library="Collections">
<arg>${column_names}</arg>
<arg>IsApproved</arg>
<doc>Fails if the ``value`` is not found from ``list``.</doc>
<status status="PASS" starttime="20240214 14:22:11.962" endtime="20240214 14:22:11.962"/>
</kw>
<kw name="List Should Contain Value" library="Collections">
<arg>${column_names}</arg>
<arg>IsDeleted</arg>
<doc>Fails if the ``value`` is not found from ``list``.</doc>
<status status="PASS" starttime="20240214 14:22:11.962" endtime="20240214 14:22:11.963"/>
</kw>
<kw name="Disconnect From Database" library="DatabaseLibrary" type="TEARDOWN">
<doc>Disconnects from the database.</doc>
<msg timestamp="20240214 14:22:11.963" level="INFO">Executing : Disconnect From Database</msg>
<status status="PASS" starttime="20240214 14:22:11.963" endtime="20240214 14:22:11.963"/>
</kw>
<doc>Verify that all columns exist in the 'tsao_accounts' table.</doc>
<tag>Verify/Check</tag>
<status status="PASS" starttime="20240214 14:22:11.913" endtime="20240214 14:22:11.963"/>
</test>
<test id="s1-t16" name="Verify Column Data Types of tsao_accounts Table" line="154">
<kw name="Connect to DB" type="SETUP">
<kw name="Connect To Database" library="DatabaseLibrary">
<arg>pymysql</arg>
<arg>${DB_NAME}</arg>
<arg>${DB_USER}</arg>
<arg>${DB_PASSWORD}</arg>
<arg>127.0.0.1</arg>
<arg>${DBPort}</arg>
<doc>Loads the DB API 2.0 module given ``dbapiModuleName`` then uses it to
connect to the database using provided parameters such as ``dbName``, ``dbUsername``, and ``dbPassword``.</doc>
<msg timestamp="20240214 14:22:11.963" level="INFO">Connecting using : pymysql.connect(db=tsao, user=root, passwd=***, host=127.0.0.1, port=3306, charset=None)</msg>
<status status="PASS" starttime="20240214 14:22:11.963" endtime="20240214 14:22:11.963"/>
</kw>
<status status="PASS" starttime="20240214 14:22:11.963" endtime="20240214 14:22:11.963"/>
</kw>
<kw name="Query" library="DatabaseLibrary">
<var>${data_types}</var>
<arg>SHOW COLUMNS FROM tsao_accounts</arg>
<doc>Runs a query with the ``selectStatement`` and returns the result as a list of rows.
The type of row values depends on the database module -
usually they are tuples or tuple-like objects.</doc>
<msg timestamp="20240214 14:22:11.963" level="INFO">Executing : Query  |  SHOW COLUMNS FROM tsao_accounts </msg>
<msg timestamp="20240214 14:22:11.974" level="INFO">${data_types} = (('ID', 'int', 'NO', 'PRI', None, 'auto_increment'), ('Name', 'varchar(100)', 'NO', '', None, ''), ('Username', 'varchar(100)', 'NO', 'UNI', None, ''), ('Password', 'char(64)', 'NO', '', None, ''), ('...</msg>
<status status="PASS" starttime="20240214 14:22:11.963" endtime="20240214 14:22:11.974"/>
</kw>
<for flavor="IN">
<var>${column_info}</var>
<value>@{data_types}</value>
<iter>
<var name="${column_info}">('ID', 'int', 'NO', 'PRI', None, 'auto_increment')</var>
<kw name="Set Variable" library="BuiltIn">
<var>${column_data_type}</var>
<arg>${column_info[1]}</arg>
<doc>Returns the given values which can then be assigned to a variables.</doc>
<msg timestamp="20240214 14:22:11.975" level="INFO">${column_data_type} = int</msg>
<status status="PASS" starttime="20240214 14:22:11.974" endtime="20240214 14:22:11.975"/>
</kw>
<kw name="Log" library="BuiltIn">
<arg>Column Data Type: ${column_data_type}</arg>
<doc>Logs the given message with the given level.</doc>
<msg timestamp="20240214 14:22:11.975" level="INFO">Column Data Type: int</msg>
<status status="PASS" starttime="20240214 14:22:11.975" endtime="20240214 14:22:11.975"/>
</kw>
<kw name="Run Keyword" library="BuiltIn">
<arg>Verify Data Type Contains</arg>
<arg>${column_data_type.lower()}</arg>
<arg>int</arg>
<doc>Executes the given keyword with the given arguments.</doc>
<kw name="Verify Data Type Contains">
<arg>${column_data_type.lower()}</arg>
<arg>int</arg>
<kw name="Run Keyword And Return Status" library="BuiltIn">
<var>${contains}</var>
<arg>Should Contain</arg>
<arg>${actual}</arg>
<arg>${expected}</arg>
<doc>Runs the given keyword with given arguments and returns the status as a Boolean value.</doc>
<kw name="Should Contain" library="BuiltIn">
<arg>${actual}</arg>
<arg>${expected}</arg>
<doc>Fails if ``container`` does not contain ``item`` one or more times.</doc>
<status status="PASS" starttime="20240214 14:22:11.976" endtime="20240214 14:22:11.977"/>
</kw>
<msg timestamp="20240214 14:22:11.977" level="INFO">${contains} = True</msg>
<status status="PASS" starttime="20240214 14:22:11.976" endtime="20240214 14:22:11.977"/>
</kw>
<kw name="Run Keyword If" library="BuiltIn">
<arg>'${contains}' == 'FAIL'</arg>
<arg>Fail</arg>
<arg>Expected data type '${expected}' not found in '${actual}'</arg>
<doc>Runs the given keyword with the given arguments, if ``condition`` is true.</doc>
<status status="PASS" starttime="20240214 14:22:11.977" endtime="20240214 14:22:11.977"/>
</kw>
<status status="PASS" starttime="20240214 14:22:11.975" endtime="20240214 14:22:11.977"/>
</kw>
<status status="PASS" starttime="20240214 14:22:11.975" endtime="20240214 14:22:11.977"/>
</kw>
<kw name="Run Keyword" library="BuiltIn">
<arg>Verify Data Type Contains</arg>
<arg>${column_data_type.lower()}</arg>
<arg>varchar(100)</arg>
<doc>Executes the given keyword with the given arguments.</doc>
<kw name="Verify Data Type Contains">
<arg>${column_data_type.lower()}</arg>
<arg>varchar(100)</arg>
<kw name="Run Keyword And Return Status" library="BuiltIn">
<var>${contains}</var>
<arg>Should Contain</arg>
<arg>${actual}</arg>
<arg>${expected}</arg>
<doc>Runs the given keyword with given arguments and returns the status as a Boolean value.</doc>
<kw name="Should Contain" library="BuiltIn">
<arg>${actual}</arg>
<arg>${expected}</arg>
<doc>Fails if ``container`` does not contain ``item`` one or more times.</doc>
<msg timestamp="20240214 14:22:11.978" level="FAIL">'int' does not contain 'varchar(100)'</msg>
<status status="FAIL" starttime="20240214 14:22:11.978" endtime="20240214 14:22:11.978"/>
</kw>
<msg timestamp="20240214 14:22:11.978" level="INFO">${contains} = False</msg>
<status status="PASS" starttime="20240214 14:22:11.978" endtime="20240214 14:22:11.978"/>
</kw>
<kw name="Run Keyword If" library="BuiltIn">
<arg>'${contains}' == 'FAIL'</arg>
<arg>Fail</arg>
<arg>Expected data type '${expected}' not found in '${actual}'</arg>
<doc>Runs the given keyword with the given arguments, if ``condition`` is true.</doc>
<status status="PASS" starttime="20240214 14:22:11.978" endtime="20240214 14:22:11.978"/>
</kw>
<status status="PASS" starttime="20240214 14:22:11.977" endtime="20240214 14:22:11.978"/>
</kw>
<status status="PASS" starttime="20240214 14:22:11.977" endtime="20240214 14:22:11.978"/>
</kw>
<kw name="Run Keyword" library="BuiltIn">
<arg>Verify Data Type Contains</arg>
<arg>${column_data_type.lower()}</arg>
<arg>varchar(100)</arg>
<doc>Executes the given keyword with the given arguments.</doc>
<kw name="Verify Data Type Contains">
<arg>${column_data_type.lower()}</arg>
<arg>varchar(100)</arg>
<kw name="Run Keyword And Return Status" library="BuiltIn">
<var>${contains}</var>
<arg>Should Contain</arg>
<arg>${actual}</arg>
<arg>${expected}</arg>
<doc>Runs the given keyword with given arguments and returns the status as a Boolean value.</doc>
<kw name="Should Contain" library="BuiltIn">
<arg>${actual}</arg>
<arg>${expected}</arg>
<doc>Fails if ``container`` does not contain ``item`` one or more times.</doc>
<msg timestamp="20240214 14:22:11.979" level="FAIL">'int' does not contain 'varchar(100)'</msg>
<status status="FAIL" starttime="20240214 14:22:11.979" endtime="20240214 14:22:11.979"/>
</kw>
<msg timestamp="20240214 14:22:11.979" level="INFO">${contains} = False</msg>
<status status="PASS" starttime="20240214 14:22:11.979" endtime="20240214 14:22:11.979"/>
</kw>
<kw name="Run Keyword If" library="BuiltIn">
<arg>'${contains}' == 'FAIL'</arg>
<arg>Fail</arg>
<arg>Expected data type '${expected}' not found in '${actual}'</arg>
<doc>Runs the given keyword with the given arguments, if ``condition`` is true.</doc>
<status status="PASS" starttime="20240214 14:22:11.979" endtime="20240214 14:22:11.979"/>
</kw>
<status status="PASS" starttime="20240214 14:22:11.979" endtime="20240214 14:22:11.979"/>
</kw>
<status status="PASS" starttime="20240214 14:22:11.978" endtime="20240214 14:22:11.979"/>
</kw>
<kw name="Run Keyword" library="BuiltIn">
<arg>Verify Data Type Contains</arg>
<arg>${column_data_type.lower()}</arg>
<arg>char(64)</arg>
<doc>Executes the given keyword with the given arguments.</doc>
<kw name="Verify Data Type Contains">
<arg>${column_data_type.lower()}</arg>
<arg>char(64)</arg>
<kw name="Run Keyword And Return Status" library="BuiltIn">
<var>${contains}</var>
<arg>Should Contain</arg>
<arg>${actual}</arg>
<arg>${expected}</arg>
<doc>Runs the given keyword with given arguments and returns the status as a Boolean value.</doc>
<kw name="Should Contain" library="BuiltIn">
<arg>${actual}</arg>
<arg>${expected}</arg>
<doc>Fails if ``container`` does not contain ``item`` one or more times.</doc>
<msg timestamp="20240214 14:22:11.979" level="FAIL">'int' does not contain 'char(64)'</msg>
<status status="FAIL" starttime="20240214 14:22:11.979" endtime="20240214 14:22:11.979"/>
</kw>
<msg timestamp="20240214 14:22:11.979" level="INFO">${contains} = False</msg>
<status status="PASS" starttime="20240214 14:22:11.979" endtime="20240214 14:22:11.979"/>
</kw>
<kw name="Run Keyword If" library="BuiltIn">
<arg>'${contains}' == 'FAIL'</arg>
<arg>Fail</arg>
<arg>Expected data type '${expected}' not found in '${actual}'</arg>
<doc>Runs the given keyword with the given arguments, if ``condition`` is true.</doc>
<status status="PASS" starttime="20240214 14:22:11.979" endtime="20240214 14:22:11.979"/>
</kw>
<status status="PASS" starttime="20240214 14:22:11.979" endtime="20240214 14:22:11.979"/>
</kw>
<status status="PASS" starttime="20240214 14:22:11.979" endtime="20240214 14:22:11.979"/>
</kw>
<kw name="Run Keyword" library="BuiltIn">
<arg>Verify Data Type Contains</arg>
<arg>${column_data_type.lower()}</arg>
<arg>enum('Administrator', 'User')</arg>
<doc>Executes the given keyword with the given arguments.</doc>
<kw name="Verify Data Type Contains">
<arg>${column_data_type.lower()}</arg>
<arg>enum('Administrator', 'User')</arg>
<kw name="Run Keyword And Return Status" library="BuiltIn">
<var>${contains}</var>
<arg>Should Contain</arg>
<arg>${actual}</arg>
<arg>${expected}</arg>
<doc>Runs the given keyword with given arguments and returns the status as a Boolean value.</doc>
<kw name="Should Contain" library="BuiltIn">
<arg>${actual}</arg>
<arg>${expected}</arg>
<doc>Fails if ``container`` does not contain ``item`` one or more times.</doc>
<msg timestamp="20240214 14:22:11.979" level="FAIL">'int' does not contain 'enum('Administrator', 'User')'</msg>
<status status="FAIL" starttime="20240214 14:22:11.979" endtime="20240214 14:22:11.979"/>
</kw>
<msg timestamp="20240214 14:22:11.979" level="INFO">${contains} = False</msg>
<status status="PASS" starttime="20240214 14:22:11.979" endtime="20240214 14:22:11.979"/>
</kw>
<kw name="Run Keyword If" library="BuiltIn">
<arg>'${contains}' == 'FAIL'</arg>
<arg>Fail</arg>
<arg>Expected data type '${expected}' not found in '${actual}'</arg>
<doc>Runs the given keyword with the given arguments, if ``condition`` is true.</doc>
<status status="PASS" starttime="20240214 14:22:11.979" endtime="20240214 14:22:11.979"/>
</kw>
<status status="PASS" starttime="20240214 14:22:11.979" endtime="20240214 14:22:11.979"/>
</kw>
<status status="PASS" starttime="20240214 14:22:11.979" endtime="20240214 14:22:11.979"/>
</kw>
<kw name="Run Keyword" library="BuiltIn">
<arg>Verify Data Type Contains</arg>
<arg>${column_data_type.lower()}</arg>
<arg>datetime</arg>
<doc>Executes the given keyword with the given arguments.</doc>
<kw name="Verify Data Type Contains">
<arg>${column_data_type.lower()}</arg>
<arg>datetime</arg>
<kw name="Run Keyword And Return Status" library="BuiltIn">
<var>${contains}</var>
<arg>Should Contain</arg>
<arg>${actual}</arg>
<arg>${expected}</arg>
<doc>Runs the given keyword with given arguments and returns the status as a Boolean value.</doc>
<kw name="Should Contain" library="BuiltIn">
<arg>${actual}</arg>
<arg>${expected}</arg>
<doc>Fails if ``container`` does not contain ``item`` one or more times.</doc>
<msg timestamp="20240214 14:22:11.979" level="FAIL">'int' does not contain 'datetime'</msg>
<status status="FAIL" starttime="20240214 14:22:11.979" endtime="20240214 14:22:11.979"/>
</kw>
<msg timestamp="20240214 14:22:11.979" level="INFO">${contains} = False</msg>
<status status="PASS" starttime="20240214 14:22:11.979" endtime="20240214 14:22:11.979"/>
</kw>
<kw name="Run Keyword If" library="BuiltIn">
<arg>'${contains}' == 'FAIL'</arg>
<arg>Fail</arg>
<arg>Expected data type '${expected}' not found in '${actual}'</arg>
<doc>Runs the given keyword with the given arguments, if ``condition`` is true.</doc>
<status status="PASS" starttime="20240214 14:22:11.979" endtime="20240214 14:22:11.979"/>
</kw>
<status status="PASS" starttime="20240214 14:22:11.979" endtime="20240214 14:22:11.979"/>
</kw>
<status status="PASS" starttime="20240214 14:22:11.979" endtime="20240214 14:22:11.979"/>
</kw>
<kw name="Run Keyword" library="BuiltIn">
<arg>Verify Data Type Contains</arg>
<arg>${column_data_type.lower()}</arg>
<arg>bool</arg>
<doc>Executes the given keyword with the given arguments.</doc>
<kw name="Verify Data Type Contains">
<arg>${column_data_type.lower()}</arg>
<arg>bool</arg>
<kw name="Run Keyword And Return Status" library="BuiltIn">
<var>${contains}</var>
<arg>Should Contain</arg>
<arg>${actual}</arg>
<arg>${expected}</arg>
<doc>Runs the given keyword with given arguments and returns the status as a Boolean value.</doc>
<kw name="Should Contain" library="BuiltIn">
<arg>${actual}</arg>
<arg>${expected}</arg>
<doc>Fails if ``container`` does not contain ``item`` one or more times.</doc>
<msg timestamp="20240214 14:22:11.979" level="FAIL">'int' does not contain 'bool'</msg>
<status status="FAIL" starttime="20240214 14:22:11.979" endtime="20240214 14:22:11.979"/>
</kw>
<msg timestamp="20240214 14:22:11.979" level="INFO">${contains} = False</msg>
<status status="PASS" starttime="20240214 14:22:11.979" endtime="20240214 14:22:11.979"/>
</kw>
<kw name="Run Keyword If" library="BuiltIn">
<arg>'${contains}' == 'FAIL'</arg>
<arg>Fail</arg>
<arg>Expected data type '${expected}' not found in '${actual}'</arg>
<doc>Runs the given keyword with the given arguments, if ``condition`` is true.</doc>
<status status="PASS" starttime="20240214 14:22:11.979" endtime="20240214 14:22:11.979"/>
</kw>
<status status="PASS" starttime="20240214 14:22:11.979" endtime="20240214 14:22:11.979"/>
</kw>
<status status="PASS" starttime="20240214 14:22:11.979" endtime="20240214 14:22:11.979"/>
</kw>
<kw name="Run Keyword" library="BuiltIn">
<arg>Verify Data Type Contains</arg>
<arg>${column_data_type.lower()}</arg>
<arg>bool</arg>
<doc>Executes the given keyword with the given arguments.</doc>
<kw name="Verify Data Type Contains">
<arg>${column_data_type.lower()}</arg>
<arg>bool</arg>
<kw name="Run Keyword And Return Status" library="BuiltIn">
<var>${contains}</var>
<arg>Should Contain</arg>
<arg>${actual}</arg>
<arg>${expected}</arg>
<doc>Runs the given keyword with given arguments and returns the status as a Boolean value.</doc>
<kw name="Should Contain" library="BuiltIn">
<arg>${actual}</arg>
<arg>${expected}</arg>
<doc>Fails if ``container`` does not contain ``item`` one or more times.</doc>
<msg timestamp="20240214 14:22:11.979" level="FAIL">'int' does not contain 'bool'</msg>
<status status="FAIL" starttime="20240214 14:22:11.979" endtime="20240214 14:22:11.979"/>
</kw>
<msg timestamp="20240214 14:22:11.979" level="INFO">${contains} = False</msg>
<status status="PASS" starttime="20240214 14:22:11.979" endtime="20240214 14:22:11.979"/>
</kw>
<kw name="Run Keyword If" library="BuiltIn">
<arg>'${contains}' == 'FAIL'</arg>
<arg>Fail</arg>
<arg>Expected data type '${expected}' not found in '${actual}'</arg>
<doc>Runs the given keyword with the given arguments, if ``condition`` is true.</doc>
<status status="PASS" starttime="20240214 14:22:11.979" endtime="20240214 14:22:11.979"/>
</kw>
<status status="PASS" starttime="20240214 14:22:11.979" endtime="20240214 14:22:11.979"/>
</kw>
<status status="PASS" starttime="20240214 14:22:11.979" endtime="20240214 14:22:11.979"/>
</kw>
<status status="PASS" starttime="20240214 14:22:11.974" endtime="20240214 14:22:11.979"/>
</iter>
<iter>
<var name="${column_info}">('Name', 'varchar(100)', 'NO', '', None, '')</var>
<kw name="Set Variable" library="BuiltIn">
<var>${column_data_type}</var>
<arg>${column_info[1]}</arg>
<doc>Returns the given values which can then be assigned to a variables.</doc>
<msg timestamp="20240214 14:22:11.979" level="INFO">${column_data_type} = varchar(100)</msg>
<status status="PASS" starttime="20240214 14:22:11.979" endtime="20240214 14:22:11.979"/>
</kw>
<kw name="Log" library="BuiltIn">
<arg>Column Data Type: ${column_data_type}</arg>
<doc>Logs the given message with the given level.</doc>
<msg timestamp="20240214 14:22:11.979" level="INFO">Column Data Type: varchar(100)</msg>
<status status="PASS" starttime="20240214 14:22:11.979" endtime="20240214 14:22:11.979"/>
</kw>
<kw name="Run Keyword" library="BuiltIn">
<arg>Verify Data Type Contains</arg>
<arg>${column_data_type.lower()}</arg>
<arg>int</arg>
<doc>Executes the given keyword with the given arguments.</doc>
<kw name="Verify Data Type Contains">
<arg>${column_data_type.lower()}</arg>
<arg>int</arg>
<kw name="Run Keyword And Return Status" library="BuiltIn">
<var>${contains}</var>
<arg>Should Contain</arg>
<arg>${actual}</arg>
<arg>${expected}</arg>
<doc>Runs the given keyword with given arguments and returns the status as a Boolean value.</doc>
<kw name="Should Contain" library="BuiltIn">
<arg>${actual}</arg>
<arg>${expected}</arg>
<doc>Fails if ``container`` does not contain ``item`` one or more times.</doc>
<msg timestamp="20240214 14:22:11.979" level="FAIL">'varchar(100)' does not contain 'int'</msg>
<status status="FAIL" starttime="20240214 14:22:11.979" endtime="20240214 14:22:11.979"/>
</kw>
<msg timestamp="20240214 14:22:11.979" level="INFO">${contains} = False</msg>
<status status="PASS" starttime="20240214 14:22:11.979" endtime="20240214 14:22:11.979"/>
</kw>
<kw name="Run Keyword If" library="BuiltIn">
<arg>'${contains}' == 'FAIL'</arg>
<arg>Fail</arg>
<arg>Expected data type '${expected}' not found in '${actual}'</arg>
<doc>Runs the given keyword with the given arguments, if ``condition`` is true.</doc>
<status status="PASS" starttime="20240214 14:22:11.979" endtime="20240214 14:22:11.979"/>
</kw>
<status status="PASS" starttime="20240214 14:22:11.979" endtime="20240214 14:22:11.979"/>
</kw>
<status status="PASS" starttime="20240214 14:22:11.979" endtime="20240214 14:22:11.979"/>
</kw>
<kw name="Run Keyword" library="BuiltIn">
<arg>Verify Data Type Contains</arg>
<arg>${column_data_type.lower()}</arg>
<arg>varchar(100)</arg>
<doc>Executes the given keyword with the given arguments.</doc>
<kw name="Verify Data Type Contains">
<arg>${column_data_type.lower()}</arg>
<arg>varchar(100)</arg>
<kw name="Run Keyword And Return Status" library="BuiltIn">
<var>${contains}</var>
<arg>Should Contain</arg>
<arg>${actual}</arg>
<arg>${expected}</arg>
<doc>Runs the given keyword with given arguments and returns the status as a Boolean value.</doc>
<kw name="Should Contain" library="BuiltIn">
<arg>${actual}</arg>
<arg>${expected}</arg>
<doc>Fails if ``container`` does not contain ``item`` one or more times.</doc>
<status status="PASS" starttime="20240214 14:22:11.979" endtime="20240214 14:22:11.979"/>
</kw>
<msg timestamp="20240214 14:22:11.979" level="INFO">${contains} = True</msg>
<status status="PASS" starttime="20240214 14:22:11.979" endtime="20240214 14:22:11.979"/>
</kw>
<kw name="Run Keyword If" library="BuiltIn">
<arg>'${contains}' == 'FAIL'</arg>
<arg>Fail</arg>
<arg>Expected data type '${expected}' not found in '${actual}'</arg>
<doc>Runs the given keyword with the given arguments, if ``condition`` is true.</doc>
<status status="PASS" starttime="20240214 14:22:11.979" endtime="20240214 14:22:11.979"/>
</kw>
<status status="PASS" starttime="20240214 14:22:11.979" endtime="20240214 14:22:11.979"/>
</kw>
<status status="PASS" starttime="20240214 14:22:11.979" endtime="20240214 14:22:11.979"/>
</kw>
<kw name="Run Keyword" library="BuiltIn">
<arg>Verify Data Type Contains</arg>
<arg>${column_data_type.lower()}</arg>
<arg>varchar(100)</arg>
<doc>Executes the given keyword with the given arguments.</doc>
<kw name="Verify Data Type Contains">
<arg>${column_data_type.lower()}</arg>
<arg>varchar(100)</arg>
<kw name="Run Keyword And Return Status" library="BuiltIn">
<var>${contains}</var>
<arg>Should Contain</arg>
<arg>${actual}</arg>
<arg>${expected}</arg>
<doc>Runs the given keyword with given arguments and returns the status as a Boolean value.</doc>
<kw name="Should Contain" library="BuiltIn">
<arg>${actual}</arg>
<arg>${expected}</arg>
<doc>Fails if ``container`` does not contain ``item`` one or more times.</doc>
<status status="PASS" starttime="20240214 14:22:11.979" endtime="20240214 14:22:11.979"/>
</kw>
<msg timestamp="20240214 14:22:11.979" level="INFO">${contains} = True</msg>
<status status="PASS" starttime="20240214 14:22:11.979" endtime="20240214 14:22:11.979"/>
</kw>
<kw name="Run Keyword If" library="BuiltIn">
<arg>'${contains}' == 'FAIL'</arg>
<arg>Fail</arg>
<arg>Expected data type '${expected}' not found in '${actual}'</arg>
<doc>Runs the given keyword with the given arguments, if ``condition`` is true.</doc>
<status status="PASS" starttime="20240214 14:22:11.979" endtime="20240214 14:22:11.979"/>
</kw>
<status status="PASS" starttime="20240214 14:22:11.979" endtime="20240214 14:22:11.979"/>
</kw>
<status status="PASS" starttime="20240214 14:22:11.979" endtime="20240214 14:22:11.979"/>
</kw>
<kw name="Run Keyword" library="BuiltIn">
<arg>Verify Data Type Contains</arg>
<arg>${column_data_type.lower()}</arg>
<arg>char(64)</arg>
<doc>Executes the given keyword with the given arguments.</doc>
<kw name="Verify Data Type Contains">
<arg>${column_data_type.lower()}</arg>
<arg>char(64)</arg>
<kw name="Run Keyword And Return Status" library="BuiltIn">
<var>${contains}</var>
<arg>Should Contain</arg>
<arg>${actual}</arg>
<arg>${expected}</arg>
<doc>Runs the given keyword with given arguments and returns the status as a Boolean value.</doc>
<kw name="Should Contain" library="BuiltIn">
<arg>${actual}</arg>
<arg>${expected}</arg>
<doc>Fails if ``container`` does not contain ``item`` one or more times.</doc>
<msg timestamp="20240214 14:22:11.990" level="FAIL">'varchar(100)' does not contain 'char(64)'</msg>
<status status="FAIL" starttime="20240214 14:22:11.990" endtime="20240214 14:22:11.990"/>
</kw>
<msg timestamp="20240214 14:22:11.990" level="INFO">${contains} = False</msg>
<status status="PASS" starttime="20240214 14:22:11.990" endtime="20240214 14:22:11.990"/>
</kw>
<kw name="Run Keyword If" library="BuiltIn">
<arg>'${contains}' == 'FAIL'</arg>
<arg>Fail</arg>
<arg>Expected data type '${expected}' not found in '${actual}'</arg>
<doc>Runs the given keyword with the given arguments, if ``condition`` is true.</doc>
<status status="PASS" starttime="20240214 14:22:11.990" endtime="20240214 14:22:11.990"/>
</kw>
<status status="PASS" starttime="20240214 14:22:11.979" endtime="20240214 14:22:11.990"/>
</kw>
<status status="PASS" starttime="20240214 14:22:11.979" endtime="20240214 14:22:11.990"/>
</kw>
<kw name="Run Keyword" library="BuiltIn">
<arg>Verify Data Type Contains</arg>
<arg>${column_data_type.lower()}</arg>
<arg>enum('Administrator', 'User')</arg>
<doc>Executes the given keyword with the given arguments.</doc>
<kw name="Verify Data Type Contains">
<arg>${column_data_type.lower()}</arg>
<arg>enum('Administrator', 'User')</arg>
<kw name="Run Keyword And Return Status" library="BuiltIn">
<var>${contains}</var>
<arg>Should Contain</arg>
<arg>${actual}</arg>
<arg>${expected}</arg>
<doc>Runs the given keyword with given arguments and returns the status as a Boolean value.</doc>
<kw name="Should Contain" library="BuiltIn">
<arg>${actual}</arg>
<arg>${expected}</arg>
<doc>Fails if ``container`` does not contain ``item`` one or more times.</doc>
<msg timestamp="20240214 14:22:11.991" level="FAIL">'varchar(100)' does not contain 'enum('Administrator', 'User')'</msg>
<status status="FAIL" starttime="20240214 14:22:11.991" endtime="20240214 14:22:11.991"/>
</kw>
<msg timestamp="20240214 14:22:11.991" level="INFO">${contains} = False</msg>
<status status="PASS" starttime="20240214 14:22:11.991" endtime="20240214 14:22:11.991"/>
</kw>
<kw name="Run Keyword If" library="BuiltIn">
<arg>'${contains}' == 'FAIL'</arg>
<arg>Fail</arg>
<arg>Expected data type '${expected}' not found in '${actual}'</arg>
<doc>Runs the given keyword with the given arguments, if ``condition`` is true.</doc>
<status status="PASS" starttime="20240214 14:22:11.992" endtime="20240214 14:22:11.992"/>
</kw>
<status status="PASS" starttime="20240214 14:22:11.990" endtime="20240214 14:22:11.992"/>
</kw>
<status status="PASS" starttime="20240214 14:22:11.990" endtime="20240214 14:22:11.992"/>
</kw>
<kw name="Run Keyword" library="BuiltIn">
<arg>Verify Data Type Contains</arg>
<arg>${column_data_type.lower()}</arg>
<arg>datetime</arg>
<doc>Executes the given keyword with the given arguments.</doc>
<kw name="Verify Data Type Contains">
<arg>${column_data_type.lower()}</arg>
<arg>datetime</arg>
<kw name="Run Keyword And Return Status" library="BuiltIn">
<var>${contains}</var>
<arg>Should Contain</arg>
<arg>${actual}</arg>
<arg>${expected}</arg>
<doc>Runs the given keyword with given arguments and returns the status as a Boolean value.</doc>
<kw name="Should Contain" library="BuiltIn">
<arg>${actual}</arg>
<arg>${expected}</arg>
<doc>Fails if ``container`` does not contain ``item`` one or more times.</doc>
<msg timestamp="20240214 14:22:11.993" level="FAIL">'varchar(100)' does not contain 'datetime'</msg>
<status status="FAIL" starttime="20240214 14:22:11.993" endtime="20240214 14:22:11.993"/>
</kw>
<msg timestamp="20240214 14:22:11.993" level="INFO">${contains} = False</msg>
<status status="PASS" starttime="20240214 14:22:11.993" endtime="20240214 14:22:11.993"/>
</kw>
<kw name="Run Keyword If" library="BuiltIn">
<arg>'${contains}' == 'FAIL'</arg>
<arg>Fail</arg>
<arg>Expected data type '${expected}' not found in '${actual}'</arg>
<doc>Runs the given keyword with the given arguments, if ``condition`` is true.</doc>
<status status="PASS" starttime="20240214 14:22:11.993" endtime="20240214 14:22:11.993"/>
</kw>
<status status="PASS" starttime="20240214 14:22:11.992" endtime="20240214 14:22:11.993"/>
</kw>
<status status="PASS" starttime="20240214 14:22:11.992" endtime="20240214 14:22:11.993"/>
</kw>
<kw name="Run Keyword" library="BuiltIn">
<arg>Verify Data Type Contains</arg>
<arg>${column_data_type.lower()}</arg>
<arg>bool</arg>
<doc>Executes the given keyword with the given arguments.</doc>
<kw name="Verify Data Type Contains">
<arg>${column_data_type.lower()}</arg>
<arg>bool</arg>
<kw name="Run Keyword And Return Status" library="BuiltIn">
<var>${contains}</var>
<arg>Should Contain</arg>
<arg>${actual}</arg>
<arg>${expected}</arg>
<doc>Runs the given keyword with given arguments and returns the status as a Boolean value.</doc>
<kw name="Should Contain" library="BuiltIn">
<arg>${actual}</arg>
<arg>${expected}</arg>
<doc>Fails if ``container`` does not contain ``item`` one or more times.</doc>
<msg timestamp="20240214 14:22:11.993" level="FAIL">'varchar(100)' does not contain 'bool'</msg>
<status status="FAIL" starttime="20240214 14:22:11.993" endtime="20240214 14:22:11.993"/>
</kw>
<msg timestamp="20240214 14:22:11.993" level="INFO">${contains} = False</msg>
<status status="PASS" starttime="20240214 14:22:11.993" endtime="20240214 14:22:11.993"/>
</kw>
<kw name="Run Keyword If" library="BuiltIn">
<arg>'${contains}' == 'FAIL'</arg>
<arg>Fail</arg>
<arg>Expected data type '${expected}' not found in '${actual}'</arg>
<doc>Runs the given keyword with the given arguments, if ``condition`` is true.</doc>
<status status="PASS" starttime="20240214 14:22:11.993" endtime="20240214 14:22:11.993"/>
</kw>
<status status="PASS" starttime="20240214 14:22:11.993" endtime="20240214 14:22:11.993"/>
</kw>
<status status="PASS" starttime="20240214 14:22:11.993" endtime="20240214 14:22:11.993"/>
</kw>
<kw name="Run Keyword" library="BuiltIn">
<arg>Verify Data Type Contains</arg>
<arg>${column_data_type.lower()}</arg>
<arg>bool</arg>
<doc>Executes the given keyword with the given arguments.</doc>
<kw name="Verify Data Type Contains">
<arg>${column_data_type.lower()}</arg>
<arg>bool</arg>
<kw name="Run Keyword And Return Status" library="BuiltIn">
<var>${contains}</var>
<arg>Should Contain</arg>
<arg>${actual}</arg>
<arg>${expected}</arg>
<doc>Runs the given keyword with given arguments and returns the status as a Boolean value.</doc>
<kw name="Should Contain" library="BuiltIn">
<arg>${actual}</arg>
<arg>${expected}</arg>
<doc>Fails if ``container`` does not contain ``item`` one or more times.</doc>
<msg timestamp="20240214 14:22:11.993" level="FAIL">'varchar(100)' does not contain 'bool'</msg>
<status status="FAIL" starttime="20240214 14:22:11.993" endtime="20240214 14:22:11.993"/>
</kw>
<msg timestamp="20240214 14:22:11.993" level="INFO">${contains} = False</msg>
<status status="PASS" starttime="20240214 14:22:11.993" endtime="20240214 14:22:11.993"/>
</kw>
<kw name="Run Keyword If" library="BuiltIn">
<arg>'${contains}' == 'FAIL'</arg>
<arg>Fail</arg>
<arg>Expected data type '${expected}' not found in '${actual}'</arg>
<doc>Runs the given keyword with the given arguments, if ``condition`` is true.</doc>
<status status="PASS" starttime="20240214 14:22:11.993" endtime="20240214 14:22:11.993"/>
</kw>
<status status="PASS" starttime="20240214 14:22:11.993" endtime="20240214 14:22:11.993"/>
</kw>
<status status="PASS" starttime="20240214 14:22:11.993" endtime="20240214 14:22:11.993"/>
</kw>
<status status="PASS" starttime="20240214 14:22:11.979" endtime="20240214 14:22:11.993"/>
</iter>
<iter>
<var name="${column_info}">('Username', 'varchar(100)', 'NO', 'UNI', None, '')</var>
<kw name="Set Variable" library="BuiltIn">
<var>${column_data_type}</var>
<arg>${column_info[1]}</arg>
<doc>Returns the given values which can then be assigned to a variables.</doc>
<msg timestamp="20240214 14:22:11.993" level="INFO">${column_data_type} = varchar(100)</msg>
<status status="PASS" starttime="20240214 14:22:11.993" endtime="20240214 14:22:11.993"/>
</kw>
<kw name="Log" library="BuiltIn">
<arg>Column Data Type: ${column_data_type}</arg>
<doc>Logs the given message with the given level.</doc>
<msg timestamp="20240214 14:22:11.993" level="INFO">Column Data Type: varchar(100)</msg>
<status status="PASS" starttime="20240214 14:22:11.993" endtime="20240214 14:22:11.993"/>
</kw>
<kw name="Run Keyword" library="BuiltIn">
<arg>Verify Data Type Contains</arg>
<arg>${column_data_type.lower()}</arg>
<arg>int</arg>
<doc>Executes the given keyword with the given arguments.</doc>
<kw name="Verify Data Type Contains">
<arg>${column_data_type.lower()}</arg>
<arg>int</arg>
<kw name="Run Keyword And Return Status" library="BuiltIn">
<var>${contains}</var>
<arg>Should Contain</arg>
<arg>${actual}</arg>
<arg>${expected}</arg>
<doc>Runs the given keyword with given arguments and returns the status as a Boolean value.</doc>
<kw name="Should Contain" library="BuiltIn">
<arg>${actual}</arg>
<arg>${expected}</arg>
<doc>Fails if ``container`` does not contain ``item`` one or more times.</doc>
<msg timestamp="20240214 14:22:11.993" level="FAIL">'varchar(100)' does not contain 'int'</msg>
<status status="FAIL" starttime="20240214 14:22:11.993" endtime="20240214 14:22:11.993"/>
</kw>
<msg timestamp="20240214 14:22:11.993" level="INFO">${contains} = False</msg>
<status status="PASS" starttime="20240214 14:22:11.993" endtime="20240214 14:22:11.993"/>
</kw>
<kw name="Run Keyword If" library="BuiltIn">
<arg>'${contains}' == 'FAIL'</arg>
<arg>Fail</arg>
<arg>Expected data type '${expected}' not found in '${actual}'</arg>
<doc>Runs the given keyword with the given arguments, if ``condition`` is true.</doc>
<status status="PASS" starttime="20240214 14:22:11.993" endtime="20240214 14:22:11.993"/>
</kw>
<status status="PASS" starttime="20240214 14:22:11.993" endtime="20240214 14:22:11.993"/>
</kw>
<status status="PASS" starttime="20240214 14:22:11.993" endtime="20240214 14:22:11.993"/>
</kw>
<kw name="Run Keyword" library="BuiltIn">
<arg>Verify Data Type Contains</arg>
<arg>${column_data_type.lower()}</arg>
<arg>varchar(100)</arg>
<doc>Executes the given keyword with the given arguments.</doc>
<kw name="Verify Data Type Contains">
<arg>${column_data_type.lower()}</arg>
<arg>varchar(100)</arg>
<kw name="Run Keyword And Return Status" library="BuiltIn">
<var>${contains}</var>
<arg>Should Contain</arg>
<arg>${actual}</arg>
<arg>${expected}</arg>
<doc>Runs the given keyword with given arguments and returns the status as a Boolean value.</doc>
<kw name="Should Contain" library="BuiltIn">
<arg>${actual}</arg>
<arg>${expected}</arg>
<doc>Fails if ``container`` does not contain ``item`` one or more times.</doc>
<status status="PASS" starttime="20240214 14:22:11.993" endtime="20240214 14:22:11.993"/>
</kw>
<msg timestamp="20240214 14:22:11.993" level="INFO">${contains} = True</msg>
<status status="PASS" starttime="20240214 14:22:11.993" endtime="20240214 14:22:11.993"/>
</kw>
<kw name="Run Keyword If" library="BuiltIn">
<arg>'${contains}' == 'FAIL'</arg>
<arg>Fail</arg>
<arg>Expected data type '${expected}' not found in '${actual}'</arg>
<doc>Runs the given keyword with the given arguments, if ``condition`` is true.</doc>
<status status="PASS" starttime="20240214 14:22:11.993" endtime="20240214 14:22:11.993"/>
</kw>
<status status="PASS" starttime="20240214 14:22:11.993" endtime="20240214 14:22:11.993"/>
</kw>
<status status="PASS" starttime="20240214 14:22:11.993" endtime="20240214 14:22:11.993"/>
</kw>
<kw name="Run Keyword" library="BuiltIn">
<arg>Verify Data Type Contains</arg>
<arg>${column_data_type.lower()}</arg>
<arg>varchar(100)</arg>
<doc>Executes the given keyword with the given arguments.</doc>
<kw name="Verify Data Type Contains">
<arg>${column_data_type.lower()}</arg>
<arg>varchar(100)</arg>
<kw name="Run Keyword And Return Status" library="BuiltIn">
<var>${contains}</var>
<arg>Should Contain</arg>
<arg>${actual}</arg>
<arg>${expected}</arg>
<doc>Runs the given keyword with given arguments and returns the status as a Boolean value.</doc>
<kw name="Should Contain" library="BuiltIn">
<arg>${actual}</arg>
<arg>${expected}</arg>
<doc>Fails if ``container`` does not contain ``item`` one or more times.</doc>
<status status="PASS" starttime="20240214 14:22:11.993" endtime="20240214 14:22:11.993"/>
</kw>
<msg timestamp="20240214 14:22:11.993" level="INFO">${contains} = True</msg>
<status status="PASS" starttime="20240214 14:22:11.993" endtime="20240214 14:22:11.993"/>
</kw>
<kw name="Run Keyword If" library="BuiltIn">
<arg>'${contains}' == 'FAIL'</arg>
<arg>Fail</arg>
<arg>Expected data type '${expected}' not found in '${actual}'</arg>
<doc>Runs the given keyword with the given arguments, if ``condition`` is true.</doc>
<status status="PASS" starttime="20240214 14:22:11.993" endtime="20240214 14:22:11.993"/>
</kw>
<status status="PASS" starttime="20240214 14:22:11.993" endtime="20240214 14:22:11.993"/>
</kw>
<status status="PASS" starttime="20240214 14:22:11.993" endtime="20240214 14:22:11.993"/>
</kw>
<kw name="Run Keyword" library="BuiltIn">
<arg>Verify Data Type Contains</arg>
<arg>${column_data_type.lower()}</arg>
<arg>char(64)</arg>
<doc>Executes the given keyword with the given arguments.</doc>
<kw name="Verify Data Type Contains">
<arg>${column_data_type.lower()}</arg>
<arg>char(64)</arg>
<kw name="Run Keyword And Return Status" library="BuiltIn">
<var>${contains}</var>
<arg>Should Contain</arg>
<arg>${actual}</arg>
<arg>${expected}</arg>
<doc>Runs the given keyword with given arguments and returns the status as a Boolean value.</doc>
<kw name="Should Contain" library="BuiltIn">
<arg>${actual}</arg>
<arg>${expected}</arg>
<doc>Fails if ``container`` does not contain ``item`` one or more times.</doc>
<msg timestamp="20240214 14:22:11.993" level="FAIL">'varchar(100)' does not contain 'char(64)'</msg>
<status status="FAIL" starttime="20240214 14:22:11.993" endtime="20240214 14:22:11.993"/>
</kw>
[...]
DataError: (1366, "Incorrect integer value: 'InvalidValue' for column 'IsDeleted' at row 1")</msg>
<msg timestamp="20240214 14:22:12.846" level="INFO">${result} = ('FAIL', 'DataError: (1366, "Incorrect integer value: \'InvalidValue\' for column \'IsDeleted\' at row 1")')</msg>
<status status="PASS" starttime="20240214 14:22:12.846" endtime="20240214 14:22:12.846"/>
</kw>
<kw name="Disconnect From Database" library="DatabaseLibrary" type="TEARDOWN">
<doc>Disconnects from the database.</doc>
<msg timestamp="20240214 14:22:12.846" level="INFO">Executing : Disconnect From Database</msg>
<status status="PASS" starttime="20240214 14:22:12.846" endtime="20240214 14:22:12.846"/>
</kw>
<doc>Test inserting data with an invalid IsDeleted value into 'tsao_accounts' table.</doc>
<tag>Insert</tag>
<status status="PASS" starttime="20240214 14:22:12.832" endtime="20240214 14:22:12.846"/>
</test>
<test id="s1-t54" name="Insert Data with Invalid Data Type" line="472">
<kw name="Connect to DB" type="SETUP">
<kw name="Connect To Database" library="DatabaseLibrary">
<arg>pymysql</arg>
<arg>${DB_NAME}</arg>
<arg>${DB_USER}</arg>
<arg>${DB_PASSWORD}</arg>
<arg>127.0.0.1</arg>
<arg>${DBPort}</arg>
<doc>Loads the DB API 2.0 module given ``dbapiModuleName`` then uses it to
connect to the database using provided parameters such as ``dbName``, ``dbUsername``, and ``dbPassword``.</doc>
<msg timestamp="20240214 14:22:12.860" level="INFO">Connecting using : pymysql.connect(db=tsao, user=root, passwd=***, host=127.0.0.1, port=3306, charset=None)</msg>
<status status="PASS" starttime="20240214 14:22:12.858" endtime="20240214 14:22:12.862"/>
</kw>
<status status="PASS" starttime="20240214 14:22:12.858" endtime="20240214 14:22:12.862"/>
</kw>
<kw name="Run Keyword And Warn On Failure" library="BuiltIn">
<var>${result}</var>
<arg>Execute SQL String</arg>
<arg>INSERT INTO tsao_accounts (ID, Name, Username, Password, Role, CreationDate, IsApproved, IsDeleted) VALUES ('7', 'AhGay', 'GayGay', 'password123', 'User', '2024-01-22 12:34:56', true, false)</arg>
<doc>Runs the specified keyword logs a warning if the keyword fails.</doc>
<kw name="Execute Sql String" library="DatabaseLibrary">
<arg>INSERT INTO tsao_accounts (ID, Name, Username, Password, Role, CreationDate, IsApproved, IsDeleted) VALUES ('7', 'AhGay', 'GayGay', 'password123', 'User', '2024-01-22 12:34:56', true, false)</arg>
<doc>Executes the ``sqlString`` as a single SQL command.</doc>
<msg timestamp="20240214 14:22:12.863" level="INFO">Executing : Execute SQL String  |  INSERT INTO tsao_accounts (ID, Name, Username, Password, Role, CreationDate, IsApproved, IsDeleted) VALUES ('7', 'AhGay', 'GayGay', 'password123', 'User', '2024-01-22 12:34:56', true, false)</msg>
<msg timestamp="20240214 14:22:12.864" level="FAIL">IntegrityError: (1062, "Duplicate entry '7' for key 'tsao_accounts.PRIMARY'")</msg>
<status status="FAIL" starttime="20240214 14:22:12.863" endtime="20240214 14:22:12.864"/>
</kw>
<msg timestamp="20240214 14:22:12.864" level="WARN">Executing keyword 'Execute SQL String' failed:
IntegrityError: (1062, "Duplicate entry '7' for key 'tsao_accounts.PRIMARY'")</msg>
<msg timestamp="20240214 14:22:12.864" level="INFO">${result} = ('FAIL', 'IntegrityError: (1062, "Duplicate entry \'7\' for key \'tsao_accounts.PRIMARY\'")')</msg>
<status status="PASS" starttime="20240214 14:22:12.863" endtime="20240214 14:22:12.864"/>
</kw>
<kw name="Disconnect From Database" library="DatabaseLibrary" type="TEARDOWN">
<doc>Disconnects from the database.</doc>
<msg timestamp="20240214 14:22:12.864" level="INFO">Executing : Disconnect From Database</msg>
<status status="PASS" starttime="20240214 14:22:12.864" endtime="20240214 14:22:12.864"/>
</kw>
<doc>Test inserting data with an invalid data type into 'tsao_accounts' table.</doc>
<tag>Insert</tag>
<status status="PASS" starttime="20240214 14:22:12.857" endtime="20240214 14:22:12.864"/>
</test>
<test id="s1-t55" name="Insert Data with Duplicate ID" line="479">
<kw name="Connect to DB" type="SETUP">
<kw name="Connect To Database" library="DatabaseLibrary">
<arg>pymysql</arg>
<arg>${DB_NAME}</arg>
<arg>${DB_USER}</arg>
<arg>${DB_PASSWORD}</arg>
<arg>127.0.0.1</arg>
<arg>${DBPort}</arg>
<doc>Loads the DB API 2.0 module given ``dbapiModuleName`` then uses it to
connect to the database using provided parameters such as ``dbName``, ``dbUsername``, and ``dbPassword``.</doc>
<msg timestamp="20240214 14:22:12.876" level="INFO">Connecting using : pymysql.connect(db=tsao, user=root, passwd=***, host=127.0.0.1, port=3306, charset=None)</msg>
<status status="PASS" starttime="20240214 14:22:12.874" endtime="20240214 14:22:12.879"/>
</kw>
<status status="PASS" starttime="20240214 14:22:12.874" endtime="20240214 14:22:12.879"/>
</kw>
<kw name="Run Keyword And Warn On Failure" library="BuiltIn">
<var>${result}</var>
<arg>Execute SQL String</arg>
<arg>INSERT INTO tsao_accounts (ID, Name, Username, Password, Role, CreationDate, IsApproved, IsDeleted) VALUES (1, 'TryMe', 'MeIsCute', 'password123', 'User', '2024-01-22 12:34:56', true, false)</arg>
<doc>Runs the specified keyword logs a warning if the keyword fails.</doc>
<kw name="Execute Sql String" library="DatabaseLibrary">
<arg>INSERT INTO tsao_accounts (ID, Name, Username, Password, Role, CreationDate, IsApproved, IsDeleted) VALUES (1, 'TryMe', 'MeIsCute', 'password123', 'User', '2024-01-22 12:34:56', true, false)</arg>
<doc>Executes the ``sqlString`` as a single SQL command.</doc>
<msg timestamp="20240214 14:22:12.880" level="INFO">Executing : Execute SQL String  |  INSERT INTO tsao_accounts (ID, Name, Username, Password, Role, CreationDate, IsApproved, IsDeleted) VALUES (1, 'TryMe', 'MeIsCute', 'password123', 'User', '2024-01-22 12:34:56', true, false)</msg>
<msg timestamp="20240214 14:22:12.881" level="FAIL">IntegrityError: (1062, "Duplicate entry '1' for key 'tsao_accounts.PRIMARY'")</msg>
<status status="FAIL" starttime="20240214 14:22:12.880" endtime="20240214 14:22:12.882"/>
</kw>
<msg timestamp="20240214 14:22:12.882" level="WARN">Executing keyword 'Execute SQL String' failed:
IntegrityError: (1062, "Duplicate entry '1' for key 'tsao_accounts.PRIMARY'")</msg>
<msg timestamp="20240214 14:22:12.882" level="INFO">${result} = ('FAIL', 'IntegrityError: (1062, "Duplicate entry \'1\' for key \'tsao_accounts.PRIMARY\'")')</msg>
<status status="PASS" starttime="20240214 14:22:12.880" endtime="20240214 14:22:12.882"/>
</kw>
<kw name="Disconnect From Database" library="DatabaseLibrary" type="TEARDOWN">
<doc>Disconnects from the database.</doc>
<msg timestamp="20240214 14:22:12.882" level="INFO">Executing : Disconnect From Database</msg>
<status status="PASS" starttime="20240214 14:22:12.882" endtime="20240214 14:22:12.882"/>
</kw>
<doc>Test inserting data with a duplicate ID into 'tsao_accounts' table.</doc>
<tag>Insert</tag>
<status status="PASS" starttime="20240214 14:22:12.864" endtime="20240214 14:22:12.882"/>
</test>
<test id="s1-t56" name="Insert Data with Null Value for Required Field" line="486">
<kw name="Connect to DB" type="SETUP">
<kw name="Connect To Database" library="DatabaseLibrary">
<arg>pymysql</arg>
<arg>${DB_NAME}</arg>
<arg>${DB_USER}</arg>
<arg>${DB_PASSWORD}</arg>
<arg>127.0.0.1</arg>
<arg>${DBPort}</arg>
<doc>Loads the DB API 2.0 module given ``dbapiModuleName`` then uses it to
connect to the database using provided parameters such as ``dbName``, ``dbUsername``, and ``dbPassword``.</doc>
<msg timestamp="20240214 14:22:12.892" level="INFO">Connecting using : pymysql.connect(db=tsao, user=root, passwd=***, host=127.0.0.1, port=3306, charset=None)</msg>
<status status="PASS" starttime="20240214 14:22:12.890" endtime="20240214 14:22:12.894"/>
</kw>
<status status="PASS" starttime="20240214 14:22:12.890" endtime="20240214 14:22:12.894"/>
</kw>
<kw name="Run Keyword And Warn On Failure" library="BuiltIn">
<var>${result}</var>
<arg>Execute SQL String</arg>
<arg>INSERT INTO tsao_accounts (ID, Name, Username, Password, Role, CreationDate, IsApproved, IsDeleted) VALUES (7, NULL, 'Asher', 'password123', 'User', '2024-01-22 12:34:56', true, false)</arg>
<doc>Runs the specified keyword logs a warning if the keyword fails.</doc>
<kw name="Execute Sql String" library="DatabaseLibrary">
<arg>INSERT INTO tsao_accounts (ID, Name, Username, Password, Role, CreationDate, IsApproved, IsDeleted) VALUES (7, NULL, 'Asher', 'password123', 'User', '2024-01-22 12:34:56', true, false)</arg>
<doc>Executes the ``sqlString`` as a single SQL command.</doc>
<msg timestamp="20240214 14:22:12.895" level="INFO">Executing : Execute SQL String  |  INSERT INTO tsao_accounts (ID, Name, Username, Password, Role, CreationDate, IsApproved, IsDeleted) VALUES (7, NULL, 'Asher', 'password123', 'User', '2024-01-22 12:34:56', true, false)</msg>
<msg timestamp="20240214 14:22:12.896" level="FAIL">IntegrityError: (1048, "Column 'Name' cannot be null")</msg>
<status status="FAIL" starttime="20240214 14:22:12.895" endtime="20240214 14:22:12.897"/>
</kw>
<msg timestamp="20240214 14:22:12.897" level="WARN">Executing keyword 'Execute SQL String' failed:
IntegrityError: (1048, "Column 'Name' cannot be null")</msg>
<msg timestamp="20240214 14:22:12.897" level="INFO">${result} = ('FAIL', 'IntegrityError: (1048, "Column \'Name\' cannot be null")')</msg>
<status status="PASS" starttime="20240214 14:22:12.895" endtime="20240214 14:22:12.897"/>
</kw>
<kw name="Disconnect From Database" library="DatabaseLibrary" type="TEARDOWN">
<doc>Disconnects from the database.</doc>
<msg timestamp="20240214 14:22:12.897" level="INFO">Executing : Disconnect From Database</msg>
<status status="PASS" starttime="20240214 14:22:12.897" endtime="20240214 14:22:12.897"/>
</kw>
<doc>Test inserting data with a NULL value for a required field into 'tsao_accounts' table for 'Name'.</doc>
<tag>Insert</tag>
<status status="PASS" starttime="20240214 14:22:12.882" endtime="20240214 14:22:12.897"/>
</test>
<test id="s1-t57" name="Insert Data with Invalid Enum Value" line="493">
<kw name="Connect to DB" type="SETUP">
<kw name="Connect To Database" library="DatabaseLibrary">
<arg>pymysql</arg>
<arg>${DB_NAME}</arg>
<arg>${DB_USER}</arg>
<arg>${DB_PASSWORD}</arg>
<arg>127.0.0.1</arg>
<arg>${DBPort}</arg>
<doc>Loads the DB API 2.0 module given ``dbapiModuleName`` then uses it to
connect to the database using provided parameters such as ``dbName``, ``dbUsername``, and ``dbPassword``.</doc>
<msg timestamp="20240214 14:22:12.897" level="INFO">Connecting using : pymysql.connect(db=tsao, user=root, passwd=***, host=127.0.0.1, port=3306, charset=None)</msg>
<status status="PASS" starttime="20240214 14:22:12.897" endtime="20240214 14:22:12.909"/>
</kw>
<status status="PASS" starttime="20240214 14:22:12.897" endtime="20240214 14:22:12.909"/>
</kw>
<kw name="Run Keyword And Warn On Failure" library="BuiltIn">
<var>${result}</var>
<arg>Execute SQL String</arg>
<arg>INSERT INTO tsao_accounts (ID, Name, Username, Password, Role, CreationDate, IsApproved, IsDeleted) VALUES (7, 'Michelle', 'michelle', 'password123', 'InvalidRole', '2024-01-22 12:34:56', true, false)</arg>
<doc>Runs the specified keyword logs a warning if the keyword fails.</doc>
<kw name="Execute Sql String" library="DatabaseLibrary">
<arg>INSERT INTO tsao_accounts (ID, Name, Username, Password, Role, CreationDate, IsApproved, IsDeleted) VALUES (7, 'Michelle', 'michelle', 'password123', 'InvalidRole', '2024-01-22 12:34:56', true, false)</arg>
<doc>Executes the ``sqlString`` as a single SQL command.</doc>
<msg timestamp="20240214 14:22:12.910" level="INFO">Executing : Execute SQL String  |  INSERT INTO tsao_accounts (ID, Name, Username, Password, Role, CreationDate, IsApproved, IsDeleted) VALUES (7, 'Michelle', 'michelle', 'password123', 'InvalidRole', '2024-01-22 12:34:56', true, false)</msg>
<msg timestamp="20240214 14:22:12.911" level="FAIL">DataError: (1265, "Data truncated for column 'Role' at row 1")</msg>
<status status="FAIL" starttime="20240214 14:22:12.910" endtime="20240214 14:22:12.912"/>
</kw>
<msg timestamp="20240214 14:22:12.912" level="WARN">Executing keyword 'Execute SQL String' failed:
DataError: (1265, "Data truncated for column 'Role' at row 1")</msg>
<msg timestamp="20240214 14:22:12.914" level="INFO">${result} = ('FAIL', 'DataError: (1265, "Data truncated for column \'Role\' at row 1")')</msg>
<status status="PASS" starttime="20240214 14:22:12.909" endtime="20240214 14:22:12.914"/>
</kw>
<kw name="Disconnect From Database" library="DatabaseLibrary" type="TEARDOWN">
<doc>Disconnects from the database.</doc>
<msg timestamp="20240214 14:22:12.914" level="INFO">Executing : Disconnect From Database</msg>
<status status="PASS" starttime="20240214 14:22:12.914" endtime="20240214 14:22:12.914"/>
</kw>
<doc>Test inserting data with an invalid enum value into 'tsao_accounts' table.</doc>
<tag>Insert</tag>
<status status="PASS" starttime="20240214 14:22:12.897" endtime="20240214 14:22:12.914"/>
</test>
<test id="s1-t58" name="Insert Data with Non-Unique Index Violation" line="500">
<kw name="Connect to DB" type="SETUP">
<kw name="Connect To Database" library="DatabaseLibrary">
<arg>pymysql</arg>
<arg>${DB_NAME}</arg>
<arg>${DB_USER}</arg>
<arg>${DB_PASSWORD}</arg>
<arg>127.0.0.1</arg>
<arg>${DBPort}</arg>
<doc>Loads the DB API 2.0 module given ``dbapiModuleName`` then uses it to
connect to the database using provided parameters such as ``dbName``, ``dbUsername``, and ``dbPassword``.</doc>
<msg timestamp="20240214 14:22:12.914" level="INFO">Connecting using : pymysql.connect(db=tsao, user=root, passwd=***, host=127.0.0.1, port=3306, charset=None)</msg>
<status status="PASS" starttime="20240214 14:22:12.914" endtime="20240214 14:22:12.931"/>
</kw>
<status status="PASS" starttime="20240214 14:22:12.914" endtime="20240214 14:22:12.931"/>
</kw>
<kw name="Run Keyword And Warn On Failure" library="BuiltIn">
<var>${result}</var>
<arg>Execute SQL String</arg>
<arg>INSERT INTO tsao_accounts (ID, Name, Username, Password, Role, CreationDate, IsApproved, IsDeleted) VALUES (1, 'John Doe', 'johndoe', 'password123', 'User', '2024-01-22 12:34:56', true, false)</arg>
<doc>Runs the specified keyword logs a warning if the keyword fails.</doc>
<kw name="Execute Sql String" library="DatabaseLibrary">
<arg>INSERT INTO tsao_accounts (ID, Name, Username, Password, Role, CreationDate, IsApproved, IsDeleted) VALUES (1, 'John Doe', 'johndoe', 'password123', 'User', '2024-01-22 12:34:56', true, false)</arg>
<doc>Executes the ``sqlString`` as a single SQL command.</doc>
<msg timestamp="20240214 14:22:12.931" level="INFO">Executing : Execute SQL String  |  INSERT INTO tsao_accounts (ID, Name, Username, Password, Role, CreationDate, IsApproved, IsDeleted) VALUES (1, 'John Doe', 'johndoe', 'password123', 'User', '2024-01-22 12:34:56', true, false)</msg>
<msg timestamp="20240214 14:22:12.931" level="FAIL">IntegrityError: (1062, "Duplicate entry '1' for key 'tsao_accounts.PRIMARY'")</msg>
<status status="FAIL" starttime="20240214 14:22:12.931" endtime="20240214 14:22:12.931"/>
</kw>
<msg timestamp="20240214 14:22:12.931" level="WARN">Executing keyword 'Execute SQL String' failed:
IntegrityError: (1062, "Duplicate entry '1' for key 'tsao_accounts.PRIMARY'")</msg>
<msg timestamp="20240214 14:22:12.931" level="INFO">${result} = ('FAIL', 'IntegrityError: (1062, "Duplicate entry \'1\' for key \'tsao_accounts.PRIMARY\'")')</msg>
<status status="PASS" starttime="20240214 14:22:12.931" endtime="20240214 14:22:12.931"/>
</kw>
<kw name="Disconnect From Database" library="DatabaseLibrary" type="TEARDOWN">
<doc>Disconnects from the database.</doc>
<msg timestamp="20240214 14:22:12.931" level="INFO">Executing : Disconnect From Database</msg>
<status status="PASS" starttime="20240214 14:22:12.931" endtime="20240214 14:22:12.931"/>
</kw>
<doc>Test inserting data that violates a non-unique index constraint into 'tsao_accounts' table.</doc>
<tag>Insert</tag>
<status status="PASS" starttime="20240214 14:22:12.914" endtime="20240214 14:22:12.940"/>
</test>
<doc>Tests which work with the same input params across all databases.</doc>
<status status="FAIL" starttime="20240214 14:22:11.430" endtime="20240214 14:22:12.941"/>
</suite>
<statistics>
<total>
<stat pass="55" fail="3" skip="0">All Tests</stat>
</total>
<tag>
<stat pass="1" fail="0" skip="0">Delete</stat>
<stat pass="20" fail="0" skip="0">Insert</stat>
<stat pass="1" fail="0" skip="0">Retrieve</stat>
<stat pass="0" fail="1" skip="0">Select</stat>
<stat pass="1" fail="0" skip="0">Update</stat>
<stat pass="32" fail="2" skip="0">Verify/Check</stat>
</tag>
<suite>
<stat pass="55" fail="3" skip="0" id="s1" name="Tests">Tests</stat>
</suite>
</statistics>
<errors>
<msg timestamp="20240214 14:22:12.562" level="WARN">Executing keyword 'Execute SQL String' failed:
DataError: (1265, "Data truncated for column 'Role' at row 1")</msg>
<msg timestamp="20240214 14:22:12.611" level="WARN">Executing keyword 'Execute SQL String' failed:
IntegrityError: (1048, "Column 'Role' cannot be null")</msg>
<msg timestamp="20240214 14:22:12.631" level="WARN">Executing keyword 'Execute SQL String' failed:
OperationalError: (1292, "Incorrect datetime value: '2024-13-22 12:34:56' for column 'CreationDate' at row 1")</msg>
<msg timestamp="20240214 14:22:12.662" level="WARN">Executing keyword 'Execute SQL String' failed:
DataError: (1265, "Data truncated for column 'Role' at row 1")</msg>
<msg timestamp="20240214 14:22:12.675" level="WARN">Executing keyword 'Execute SQL String' failed:
IntegrityError: (1048, "Column 'Username' cannot be null")</msg>
<msg timestamp="20240214 14:22:12.698" level="WARN">Executing keyword 'Execute SQL String' failed:
DataError: (1265, "Data truncated for column 'Role' at row 1")</msg>
<msg timestamp="20240214 14:22:12.732" level="WARN">Executing keyword 'Execute SQL String' failed:
IntegrityError: (1062, "Duplicate entry '7' for key 'tsao_accounts.PRIMARY'")</msg>
<msg timestamp="20240214 14:22:12.749" level="WARN">Executing keyword 'Execute SQL String' failed:
DataError: (1366, "Incorrect integer value: 'Yes' for column 'IsApproved' at row 1")</msg>
<msg timestamp="20240214 14:22:12.765" level="WARN">Executing keyword 'Execute SQL String' failed:
IntegrityError: (1062, "Duplicate entry '7' for key 'tsao_accounts.PRIMARY'")</msg>
<msg timestamp="20240214 14:22:12.798" level="WARN">Executing keyword 'Execute SQL String' failed:
OperationalError: (1292, "Incorrect datetime value: '2024-013-22 12:34:56' for column 'CreationDate' at row 1")</msg>
<msg timestamp="20240214 14:22:12.815" level="WARN">Executing keyword 'Execute SQL String' failed:
IntegrityError: (1048, "Column 'Role' cannot be null")</msg>
<msg timestamp="20240214 14:22:12.830" level="WARN">Executing keyword 'Execute SQL String' failed:
DataError: (1366, "Incorrect integer value: 'Yes' for column 'IsApproved' at row 1")</msg>
<msg timestamp="20240214 14:22:12.846" level="WARN">Executing keyword 'Execute SQL String' failed:
DataError: (1366, "Incorrect integer value: 'InvalidValue' for column 'IsDeleted' at row 1")</msg>
<msg timestamp="20240214 14:22:12.864" level="WARN">Executing keyword 'Execute SQL String' failed:
IntegrityError: (1062, "Duplicate entry '7' for key 'tsao_accounts.PRIMARY'")</msg>
<msg timestamp="20240214 14:22:12.882" level="WARN">Executing keyword 'Execute SQL String' failed:
IntegrityError: (1062, "Duplicate entry '1' for key 'tsao_accounts.PRIMARY'")</msg>
<msg timestamp="20240214 14:22:12.897" level="WARN">Executing keyword 'Execute SQL String' failed:
IntegrityError: (1048, "Column 'Name' cannot be null")</msg>
<msg timestamp="20240214 14:22:12.912" level="WARN">Executing keyword 'Execute SQL String' failed:
DataError: (1265, "Data truncated for column 'Role' at row 1")</msg>
<msg timestamp="20240214 14:22:12.931" level="WARN">Executing keyword 'Execute SQL String' failed:
IntegrityError: (1062, "Duplicate entry '1' for key 'tsao_accounts.PRIMARY'")</msg>
</errors>
</robot>
